# JRE version: OpenJDK Runtime Environment Temurin-21.0.11+10 (21.0.11+10) (build 21.0.11+10-LTS)
# Java VM: OpenJDK 64-Bit Server VM Temurin-21.0.11+10 (21.0.11+10-LTS, mixed mode, sharing, tiered, compressed oops, compressed class ptrs, parallel gc, windows-amd64)
GC Precious Log:
 CardTable entry size: 512
 CPUs: 16 total, 16 available
 Memory: 7501M
 Large Page Support: Disabled
 NUMA Support: Disabled
 Compressed Oops: Enabled (32-bit)
 Alignments: Space 512K, Generation 512K, Heap 2M
 Heap Min Capacity: 100M
 Heap Initial Capacity: 100M
 Heap Max Capacity: 2G
 Pre-touch: Disabled
 Parallel Workers: 13
Heap:
 PSYoungGen      total 11776K, used 4204K [0x00000000d5580000, 0x00000000d6300000, 0x0000000100000000)
  eden space 9216K, 38% used [0x00000000d5580000,0x00000000d58f9288,0x00000000d5e80000)
  from space 2560K, 25% used [0x00000000d5e80000,0x00000000d5f21f00,0x00000000d6100000)
  to   space 1536K, 0% used [0x00000000d6180000,0x00000000d6180000,0x00000000d6300000)
 ParOldGen       total 188928K, used 188739K [0x0000000080000000, 0x000000008b880000, 0x00000000d5580000)
  object space 188928K, 99% used [0x0000000080000000,0x000000008b850e58,0x000000008b880000)
 Metaspace       used 68534K, committed 70080K, reserved 1114112K
  class space    used 7222K, committed 7872K, reserved 1048576K
GC Heap History (20 events):
Event: 38.735 GC heap before
{Heap before GC invocations=173 (full 3):
 PSYoungGen      total 12288K, used 10224K [0x00000000d5580000, 0x00000000d6680000, 0x0000000100000000)
  eden space 9216K, 100% used [0x00000000d5580000,0x00000000d5e80000,0x00000000d5e80000)
  from space 3072K, 32% used [0x00000000d6100000,0x00000000d61fc000,0x00000000d6400000)
  to   space 1536K, 0% used [0x00000000d6500000,0x00000000d6500000,0x00000000d6680000)
 ParOldGen       total 182272K, used 182182K [0x0000000080000000, 0x000000008b200000, 0x00000000d5580000)
  object space 182272K, 99% used [0x0000000080000000,0x000000008b1e9a98,0x000000008b200000)
 Metaspace       used 63268K, committed 64768K, reserved 1114112K
  class space    used 6717K, committed 7360K, reserved 1048576K
}
Event: 38.740 GC heap after
{Heap after GC invocations=173 (full 3):
 PSYoungGen      total 10752K, used 1525K [0x00000000d5580000, 0x00000000d6680000, 0x0000000100000000)
  eden space 9216K, 0% used [0x00000000d5580000,0x00000000d5580000,0x00000000d5e80000)
  from space 1536K, 99% used [0x00000000d6500000,0x00000000d667d5b0,0x00000000d6680000)
  to   space 3584K, 0% used [0x00000000d5f80000,0x00000000d5f80000,0x00000000d6300000)
 ParOldGen       total 183808K, used 183731K [0x0000000080000000, 0x000000008b380000, 0x00000000d5580000)
  object space 183808K, 99% used [0x0000000080000000,0x000000008b36ce28,0x000000008b380000)
 Metaspace       used 63268K, committed 64768K, reserved 1114112K
  class space    used 6717K, committed 7360K, reserved 1048576K
}
Event: 38.817 GC heap before
{Heap before GC invocations=174 (full 3):
 PSYoungGen      total 10752K, used 10741K [0x00000000d5580000, 0x00000000d6680000, 0x0000000100000000)
  eden space 9216K, 100% used [0x00000000d5580000,0x00000000d5e80000,0x00000000d5e80000)
  from space 1536K, 99% used [0x00000000d6500000,0x00000000d667d5b0,0x00000000d6680000)
  to   space 3584K, 0% used [0x00000000d5f80000,0x00000000d5f80000,0x00000000d6300000)
 ParOldGen       total 183808K, used 183731K [0x0000000080000000, 0x000000008b380000, 0x00000000d5580000)
  object space 183808K, 99% used [0x0000000080000000,0x000000008b36ce28,0x000000008b380000)
 Metaspace       used 63433K, committed 64896K, reserved 1114112K
  class space    used 6728K, committed 7360K, reserved 1048576K
}
Event: 38.822 GC heap after
{Heap after GC invocations=174 (full 3):
 PSYoungGen      total 12800K, used 1180K [0x00000000d5580000, 0x00000000d6580000, 0x0000000100000000)
  eden space 9216K, 0% used [0x00000000d5580000,0x00000000d5580000,0x00000000d5e80000)
  from space 3584K, 32% used [0x00000000d5f80000,0x00000000d60a7378,0x00000000d6300000)
  to   space 2048K, 0% used [0x00000000d6380000,0x00000000d6380000,0x00000000d6580000)
 ParOldGen       total 184832K, used 184626K [0x0000000080000000, 0x000000008b480000, 0x00000000d5580000)
  object space 184832K, 99% used [0x0000000080000000,0x000000008b44c8e8,0x000000008b480000)
 Metaspace       used 63433K, committed 64896K, reserved 1114112K
  class space    used 6728K, committed 7360K, reserved 1048576K
}
Event: 38.941 GC heap before
{Heap before GC invocations=175 (full 3):
 PSYoungGen      total 12800K, used 10396K [0x00000000d5580000, 0x00000000d6580000, 0x0000000100000000)
  eden space 9216K, 100% used [0x00000000d5580000,0x00000000d5e80000,0x00000000d5e80000)
  from space 3584K, 32% used [0x00000000d5f80000,0x00000000d60a7378,0x00000000d6300000)
  to   space 2048K, 0% used [0x00000000d6380000,0x00000000d6380000,0x00000000d6580000)
 ParOldGen       total 184832K, used 184626K [0x0000000080000000, 0x000000008b480000, 0x00000000d5580000)
  object space 184832K, 99% used [0x0000000080000000,0x000000008b44c8e8,0x000000008b480000)
 Metaspace       used 63622K, committed 65152K, reserved 1114112K
  class space    used 6745K, committed 7360K, reserved 1048576K
}
Event: 38.946 GC heap after
{Heap after GC invocations=175 (full 3):
 PSYoungGen      total 10752K, used 1355K [0x00000000d5580000, 0x00000000d6500000, 0x0000000100000000)
  eden space 9216K, 0% used [0x00000000d5580000,0x00000000d5580000,0x00000000d5e80000)
  from space 1536K, 88% used [0x00000000d6380000,0x00000000d64d2cd8,0x00000000d6500000)
  to   space 1536K, 0% used [0x00000000d6200000,0x00000000d6200000,0x00000000d6380000)
 ParOldGen       total 185344K, used 184858K [0x0000000080000000, 0x000000008b500000, 0x00000000d5580000)
  object space 185344K, 99% used [0x0000000080000000,0x000000008b4868e8,0x000000008b500000)
 Metaspace       used 63622K, committed 65152K, reserved 1114112K
  class space    used 6745K, committed 7360K, reserved 1048576K
}
Event: 39.015 GC heap before
{Heap before GC invocations=176 (full 3):
 PSYoungGen      total 10752K, used 10563K [0x00000000d5580000, 0x00000000d6500000, 0x0000000100000000)
  eden space 9216K, 99% used [0x00000000d5580000,0x00000000d5e7dfe0,0x00000000d5e80000)
  from space 1536K, 88% used [0x00000000d6380000,0x00000000d64d2cd8,0x00000000d6500000)
  to   space 1536K, 0% used [0x00000000d6200000,0x00000000d6200000,0x00000000d6380000)
 ParOldGen       total 185344K, used 184858K [0x0000000080000000, 0x000000008b500000, 0x00000000d5580000)
  object space 185344K, 99% used [0x0000000080000000,0x000000008b4868e8,0x000000008b500000)
 Metaspace       used 63836K, committed 65408K, reserved 1114112K
  class space    used 6765K, committed 7424K, reserved 1048576K
}
Event: 39.018 GC heap after
{Heap after GC invocations=176 (full 3):
 PSYoungGen      total 9728K, used 506K [0x00000000d5580000, 0x00000000d6400000, 0x0000000100000000)
  eden space 9216K, 0% used [0x00000000d5580000,0x00000000d5580000,0x00000000d5e80000)
  from space 512K, 98% used [0x00000000d6200000,0x00000000d627e968,0x00000000d6280000)
  to   space 1024K, 0% used [0x00000000d6300000,0x00000000d6300000,0x00000000d6400000)
 ParOldGen       total 185344K, used 185050K [0x0000000080000000, 0x000000008b500000, 0x00000000d5580000)
  object space 185344K, 99% used [0x0000000080000000,0x000000008b4b68e8,0x000000008b500000)
 Metaspace       used 63836K, committed 65408K, reserved 1114112K
  class space    used 6765K, committed 7424K, reserved 1048576K
}
Event: 39.053 GC heap before
{Heap before GC invocations=177 (full 3):
 PSYoungGen      total 9728K, used 9722K [0x00000000d5580000, 0x00000000d6400000, 0x0000000100000000)
  eden space 9216K, 100% used [0x00000000d5580000,0x00000000d5e80000,0x00000000d5e80000)
  from space 512K, 98% used [0x00000000d6200000,0x00000000d627e968,0x00000000d6280000)
  to   space 1024K, 0% used [0x00000000d6300000,0x00000000d6300000,0x00000000d6400000)
 ParOldGen       total 185344K, used 185050K [0x0000000080000000, 0x000000008b500000, 0x00000000d5580000)
  object space 185344K, 99% used [0x0000000080000000,0x000000008b4b68e8,0x000000008b500000)
 Metaspace       used 63853K, committed 65408K, reserved 1114112K
  class space    used 6766K, committed 7424K, reserved 1048576K
}
Event: 39.056 GC heap after
{Heap after GC invocations=177 (full 3):
 PSYoungGen      total 10240K, used 1019K [0x00000000d5580000, 0x00000000d6400000, 0x0000000100000000)
  eden space 9216K, 0% used [0x00000000d5580000,0x00000000d5580000,0x00000000d5e80000)
  from space 1024K, 99% used [0x00000000d6300000,0x00000000d63fec20,0x00000000d6400000)
  to   space 2048K, 0% used [0x00000000d6000000,0x00000000d6000000,0x00000000d6200000)
 ParOldGen       total 185856K, used 185570K [0x0000000080000000, 0x000000008b580000, 0x00000000d5580000)
  object space 185856K, 99% used [0x0000000080000000,0x000000008b5388e8,0x000000008b580000)
 Metaspace       used 63853K, committed 65408K, reserved 1114112K
  class space    used 6766K, committed 7424K, reserved 1048576K
}
Event: 39.316 GC heap before
{Heap before GC invocations=178 (full 3):
 PSYoungGen      total 10240K, used 10235K [0x00000000d5580000, 0x00000000d6400000, 0x0000000100000000)
  eden space 9216K, 99% used [0x00000000d5580000,0x00000000d5e7fff0,0x00000000d5e80000)
  from space 1024K, 99% used [0x00000000d6300000,0x00000000d63fec20,0x00000000d6400000)
  to   space 2048K, 0% used [0x00000000d6000000,0x00000000d6000000,0x00000000d6200000)
 ParOldGen       total 185856K, used 185570K [0x0000000080000000, 0x000000008b580000, 0x00000000d5580000)
  object space 185856K, 99% used [0x0000000080000000,0x000000008b5388e8,0x000000008b580000)
 Metaspace       used 64765K, committed 66304K, reserved 1114112K
  class space    used 6849K, committed 7488K, reserved 1048576K
}
Event: 39.319 GC heap after
{Heap after GC invocations=178 (full 3):
 PSYoungGen      total 11264K, used 544K [0x00000000d5580000, 0x00000000d6380000, 0x0000000100000000)
  eden space 9216K, 0% used [0x00000000d5580000,0x00000000d5580000,0x00000000d5e80000)
  from space 2048K, 26% used [0x00000000d6000000,0x00000000d6088000,0x00000000d6200000)
  to   space 1024K, 0% used [0x00000000d6280000,0x00000000d6280000,0x00000000d6380000)
 ParOldGen       total 186368K, used 185934K [0x0000000080000000, 0x000000008b600000, 0x00000000d5580000)
  object space 186368K, 99% used [0x0000000080000000,0x000000008b593af8,0x000000008b600000)
 Metaspace       used 64765K, committed 66304K, reserved 1114112K
  class space    used 6849K, committed 7488K, reserved 1048576K
}
Event: 39.838 GC heap before
{Heap before GC invocations=179 (full 3):
 PSYoungGen      total 11264K, used 9760K [0x00000000d5580000, 0x00000000d6380000, 0x0000000100000000)
  eden space 9216K, 100% used [0x00000000d5580000,0x00000000d5e80000,0x00000000d5e80000)
  from space 2048K, 26% used [0x00000000d6000000,0x00000000d6088000,0x00000000d6200000)
  to   space 1024K, 0% used [0x00000000d6280000,0x00000000d6280000,0x00000000d6380000)
 ParOldGen       total 186368K, used 185934K [0x0000000080000000, 0x000000008b600000, 0x00000000d5580000)
  object space 186368K, 99% used [0x0000000080000000,0x000000008b593af8,0x000000008b600000)
 Metaspace       used 66142K, committed 67712K, reserved 1114112K
  class space    used 6980K, committed 7616K, reserved 1048576K
}
Event: 39.843 GC heap after
{Heap after GC invocations=179 (full 3):
 PSYoungGen      total 10240K, used 901K [0x00000000d5580000, 0x00000000d6380000, 0x0000000100000000)
  eden space 9216K, 0% used [0x00000000d5580000,0x00000000d5580000,0x00000000d5e80000)
  from space 1024K, 87% used [0x00000000d6280000,0x00000000d6361458,0x00000000d6380000)
  to   space 1024K, 0% used [0x00000000d6180000,0x00000000d6180000,0x00000000d6280000)
 ParOldGen       total 186368K, used 186182K [0x0000000080000000, 0x000000008b600000, 0x00000000d5580000)
  object space 186368K, 99% used [0x0000000080000000,0x000000008b5d1af8,0x000000008b600000)
 Metaspace       used 66142K, committed 67712K, reserved 1114112K
  class space    used 6980K, committed 7616K, reserved 1048576K
}
Event: 40.215 GC heap before
{Heap before GC invocations=180 (full 3):
 PSYoungGen      total 10240K, used 10117K [0x00000000d5580000, 0x00000000d6380000, 0x0000000100000000)
  eden space 9216K, 100% used [0x00000000d5580000,0x00000000d5e80000,0x00000000d5e80000)
  from space 1024K, 87% used [0x00000000d6280000,0x00000000d6361458,0x00000000d6380000)
  to   space 1024K, 0% used [0x00000000d6180000,0x00000000d6180000,0x00000000d6280000)
 ParOldGen       total 186368K, used 186182K [0x0000000080000000, 0x000000008b600000, 0x00000000d5580000)
  object space 186368K, 99% used [0x0000000080000000,0x000000008b5d1af8,0x000000008b600000)
 Metaspace       used 67008K, committed 68544K, reserved 1114112K
  class space    used 7054K, committed 7680K, reserved 1048576K
}
Event: 40.220 GC heap after
{Heap after GC invocations=180 (full 3):
 PSYoungGen      total 10240K, used 1024K [0x00000000d5580000, 0x00000000d6300000, 0x0000000100000000)
  eden space 9216K, 0% used [0x00000000d5580000,0x00000000d5580000,0x00000000d5e80000)
  from space 1024K, 100% used [0x00000000d6180000,0x00000000d6280000,0x00000000d6280000)
  to   space 512K, 0% used [0x00000000d6280000,0x00000000d6280000,0x00000000d6300000)
 ParOldGen       total 186880K, used 186652K [0x0000000080000000, 0x000000008b680000, 0x00000000d5580000)
  object space 186880K, 99% used [0x0000000080000000,0x000000008b6471a0,0x000000008b680000)
 Metaspace       used 67008K, committed 68544K, reserved 1114112K
  class space    used 7054K, committed 7680K, reserved 1048576K
}
Event: 40.517 GC heap before
{Heap before GC invocations=181 (full 3):
 PSYoungGen      total 10240K, used 10240K [0x00000000d5580000, 0x00000000d6300000, 0x0000000100000000)
  eden space 9216K, 100% used [0x00000000d5580000,0x00000000d5e80000,0x00000000d5e80000)
  from space 1024K, 100% used [0x00000000d6180000,0x00000000d6280000,0x00000000d6280000)
  to   space 512K, 0% used [0x00000000d6280000,0x00000000d6280000,0x00000000d6300000)
 ParOldGen       total 186880K, used 186652K [0x0000000080000000, 0x000000008b680000, 0x00000000d5580000)
  object space 186880K, 99% used [0x0000000080000000,0x000000008b6471a0,0x000000008b680000)
 Metaspace       used 67703K, committed 69248K, reserved 1114112K
  class space    used 7134K, committed 7808K, reserved 1048576K
}
Event: 40.522 GC heap after
{Heap after GC invocations=181 (full 3):
 PSYoungGen      total 9728K, used 506K [0x00000000d5580000, 0x00000000d6380000, 0x0000000100000000)
  eden space 9216K, 0% used [0x00000000d5580000,0x00000000d5580000,0x00000000d5e80000)
  from space 512K, 99% used [0x00000000d6280000,0x00000000d62feba8,0x00000000d6300000)
  to   space 2560K, 0% used [0x00000000d5e80000,0x00000000d5e80000,0x00000000d6100000)
 ParOldGen       total 188416K, used 188369K [0x0000000080000000, 0x000000008b800000, 0x00000000d5580000)
  object space 188416K, 99% used [0x0000000080000000,0x000000008b7f4730,0x000000008b800000)
 Metaspace       used 67703K, committed 69248K, reserved 1114112K
  class space    used 7134K, committed 7808K, reserved 1048576K
}
Event: 1499.878 GC heap before
{Heap before GC invocations=182 (full 3):
 PSYoungGen      total 9728K, used 9713K [0x00000000d5580000, 0x00000000d6380000, 0x0000000100000000)
  eden space 9216K, 99% used [0x00000000d5580000,0x00000000d5e7da38,0x00000000d5e80000)
  from space 512K, 99% used [0x00000000d6280000,0x00000000d62feba8,0x00000000d6300000)
  to   space 2560K, 0% used [0x00000000d5e80000,0x00000000d5e80000,0x00000000d6100000)
 ParOldGen       total 188416K, used 188369K [0x0000000080000000, 0x000000008b800000, 0x00000000d5580000)
  object space 188416K, 99% used [0x0000000080000000,0x000000008b7f4730,0x000000008b800000)
 Metaspace       used 68244K, committed 69760K, reserved 1114112K
  class space    used 7176K, committed 7808K, reserved 1048576K
}
Event: 1499.933 GC heap after
{Heap after GC invocations=182 (full 3):
 PSYoungGen      total 11776K, used 647K [0x00000000d5580000, 0x00000000d6300000, 0x0000000100000000)
  eden space 9216K, 0% used [0x00000000d5580000,0x00000000d5580000,0x00000000d5e80000)
  from space 2560K, 25% used [0x00000000d5e80000,0x00000000d5f21f00,0x00000000d6100000)
  to   space 1536K, 0% used [0x00000000d6180000,0x00000000d6180000,0x00000000d6300000)
 ParOldGen       total 188928K, used 188739K [0x0000000080000000, 0x000000008b880000, 0x00000000d5580000)
  object space 188928K, 99% used [0x0000000080000000,0x000000008b850e58,0x000000008b880000)
 Metaspace       used 68244K, committed 69760K, reserved 1114112K
  class space    used 7176K, committed 7808K, reserved 1048576K
}

