# JRE version: OpenJDK Runtime Environment Temurin-21.0.11+10 (21.0.11+10) (build 21.0.11+10-LTS)
# Java VM: OpenJDK 64-Bit Server VM Temurin-21.0.11+10 (21.0.11+10-LTS, mixed mode, sharing, tiered, compressed oops, compressed class ptrs, parallel gc, windows-amd64)
GC Precious Log:
 CardTable entry size: 512
 CPUs: 16 total, 16 available
 Memory: 7501M
 Large Page Support: Disabled
 NUMA Support: Disabled
 Compressed Oops: Enabled (32-bit)
 Alignments: Space 512K, Generation 512K, Heap 2M
 Heap Min Capacity: 100M
 Heap Initial Capacity: 100M
 Heap Max Capacity: 2G
 Pre-touch: Disabled
 Parallel Workers: 13
Heap:
 PSYoungGen      total 7168K, used 5982K [0x00000000d5580000, 0x00000000d5e80000, 0x0000000100000000)
  eden space 5632K, 86% used [0x00000000d5580000,0x00000000d5a47a10,0x00000000d5b00000)
  from space 1536K, 70% used [0x00000000d5c00000,0x00000000d5d10020,0x00000000d5d80000)
  to   space 1024K, 0% used [0x00000000d5d80000,0x00000000d5d80000,0x00000000d5e80000)
 ParOldGen       total 117248K, used 117078K [0x0000000080000000, 0x0000000087280000, 0x00000000d5580000)
  object space 117248K, 99% used [0x0000000080000000,0x00000000872559f0,0x0000000087280000)
 Metaspace       used 64421K, committed 65856K, reserved 1114112K
  class space    used 6779K, committed 7360K, reserved 1048576K
GC Heap History (20 events):
Event: 22.206 GC heap before
{Heap before GC invocations=217 (full 3):
 PSYoungGen      total 7168K, used 6993K [0x00000000d5580000, 0x00000000d5f00000, 0x0000000100000000)
  eden space 5632K, 99% used [0x00000000d5580000,0x00000000d5afffe0,0x00000000d5b00000)
  from space 1536K, 88% used [0x00000000d5b00000,0x00000000d5c546b8,0x00000000d5c80000)
  to   space 2048K, 0% used [0x00000000d5d00000,0x00000000d5d00000,0x00000000d5f00000)
 ParOldGen       total 112640K, used 112312K [0x0000000080000000, 0x0000000086e00000, 0x00000000d5580000)
  object space 112640K, 99% used [0x0000000080000000,0x0000000086dae158,0x0000000086e00000)
 Metaspace       used 62255K, committed 63616K, reserved 1114112K
  class space    used 6603K, committed 7168K, reserved 1048576K
}
Event: 22.208 GC heap after
{Heap after GC invocations=217 (full 3):
 PSYoungGen      total 7168K, used 1225K [0x00000000d5580000, 0x00000000d5e80000, 0x0000000100000000)
  eden space 5632K, 0% used [0x00000000d5580000,0x00000000d5580000,0x00000000d5b00000)
  from space 1536K, 79% used [0x00000000d5d00000,0x00000000d5e326e8,0x00000000d5e80000)
  to   space 1536K, 0% used [0x00000000d5b00000,0x00000000d5b00000,0x00000000d5c80000)
 ParOldGen       total 113152K, used 112642K [0x0000000080000000, 0x0000000086e80000, 0x00000000d5580000)
  object space 113152K, 99% used [0x0000000080000000,0x0000000086e00bf8,0x0000000086e80000)
 Metaspace       used 62255K, committed 63616K, reserved 1114112K
  class space    used 6603K, committed 7168K, reserved 1048576K
}
Event: 22.228 GC heap before
{Heap before GC invocations=218 (full 3):
 PSYoungGen      total 7168K, used 6857K [0x00000000d5580000, 0x00000000d5e80000, 0x0000000100000000)
  eden space 5632K, 100% used [0x00000000d5580000,0x00000000d5b00000,0x00000000d5b00000)
  from space 1536K, 79% used [0x00000000d5d00000,0x00000000d5e326e8,0x00000000d5e80000)
  to   space 1536K, 0% used [0x00000000d5b00000,0x00000000d5b00000,0x00000000d5c80000)
 ParOldGen       total 113152K, used 112642K [0x0000000080000000, 0x0000000086e80000, 0x00000000d5580000)
  object space 113152K, 99% used [0x0000000080000000,0x0000000086e00bf8,0x0000000086e80000)
 Metaspace       used 62299K, committed 63680K, reserved 1114112K
  class space    used 6606K, committed 7168K, reserved 1048576K
}
Event: 22.231 GC heap after
{Heap after GC invocations=218 (full 3):
 PSYoungGen      total 7168K, used 1206K [0x00000000d5580000, 0x00000000d5e00000, 0x0000000100000000)
  eden space 5632K, 0% used [0x00000000d5580000,0x00000000d5580000,0x00000000d5b00000)
  from space 1536K, 78% used [0x00000000d5b00000,0x00000000d5c2d9e8,0x00000000d5c80000)
  to   space 1536K, 0% used [0x00000000d5c80000,0x00000000d5c80000,0x00000000d5e00000)
 ParOldGen       total 113152K, used 112951K [0x0000000080000000, 0x0000000086e80000, 0x00000000d5580000)
  object space 113152K, 99% used [0x0000000080000000,0x0000000086e4dc40,0x0000000086e80000)
 Metaspace       used 62299K, committed 63680K, reserved 1114112K
  class space    used 6606K, committed 7168K, reserved 1048576K
}
Event: 22.250 GC heap before
{Heap before GC invocations=219 (full 3):
 PSYoungGen      total 7168K, used 6838K [0x00000000d5580000, 0x00000000d5e00000, 0x0000000100000000)
  eden space 5632K, 100% used [0x00000000d5580000,0x00000000d5b00000,0x00000000d5b00000)
  from space 1536K, 78% used [0x00000000d5b00000,0x00000000d5c2d9e8,0x00000000d5c80000)
  to   space 1536K, 0% used [0x00000000d5c80000,0x00000000d5c80000,0x00000000d5e00000)
 ParOldGen       total 113152K, used 112951K [0x0000000080000000, 0x0000000086e80000, 0x00000000d5580000)
  object space 113152K, 99% used [0x0000000080000000,0x0000000086e4dc78,0x0000000086e80000)
 Metaspace       used 62341K, committed 63744K, reserved 1114112K
  class space    used 6610K, committed 7168K, reserved 1048576K
}
Event: 22.252 GC heap after
{Heap after GC invocations=219 (full 3):
 PSYoungGen      total 6656K, used 886K [0x00000000d5580000, 0x00000000d5d80000, 0x0000000100000000)
  eden space 5632K, 0% used [0x00000000d5580000,0x00000000d5580000,0x00000000d5b00000)
  from space 1024K, 86% used [0x00000000d5c80000,0x00000000d5d5da20,0x00000000d5d80000)
  to   space 1024K, 0% used [0x00000000d5b80000,0x00000000d5b80000,0x00000000d5c80000)
 ParOldGen       total 113152K, used 113087K [0x0000000080000000, 0x0000000086e80000, 0x00000000d5580000)
  object space 113152K, 99% used [0x0000000080000000,0x0000000086e6fc78,0x0000000086e80000)
 Metaspace       used 62341K, committed 63744K, reserved 1114112K
  class space    used 6610K, committed 7168K, reserved 1048576K
}
Event: 22.275 GC heap before
{Heap before GC invocations=220 (full 3):
 PSYoungGen      total 6656K, used 6518K [0x00000000d5580000, 0x00000000d5d80000, 0x0000000100000000)
  eden space 5632K, 100% used [0x00000000d5580000,0x00000000d5b00000,0x00000000d5b00000)
  from space 1024K, 86% used [0x00000000d5c80000,0x00000000d5d5da20,0x00000000d5d80000)
  to   space 1024K, 0% used [0x00000000d5b80000,0x00000000d5b80000,0x00000000d5c80000)
 ParOldGen       total 113152K, used 113090K [0x0000000080000000, 0x0000000086e80000, 0x00000000d5580000)
  object space 113152K, 99% used [0x0000000080000000,0x0000000086e70810,0x0000000086e80000)
 Metaspace       used 62425K, committed 63808K, reserved 1114112K
  class space    used 6617K, committed 7168K, reserved 1048576K
}
Event: 22.278 GC heap after
{Heap after GC invocations=220 (full 3):
 PSYoungGen      total 6656K, used 1003K [0x00000000d5580000, 0x00000000d5e00000, 0x0000000100000000)
  eden space 5632K, 0% used [0x00000000d5580000,0x00000000d5580000,0x00000000d5b00000)
  from space 1024K, 97% used [0x00000000d5b80000,0x00000000d5c7ace0,0x00000000d5c80000)
  to   space 1536K, 0% used [0x00000000d5c80000,0x00000000d5c80000,0x00000000d5e00000)
 ParOldGen       total 113664K, used 113457K [0x0000000080000000, 0x0000000086f00000, 0x00000000d5580000)
  object space 113664K, 99% used [0x0000000080000000,0x0000000086ecc4a0,0x0000000086f00000)
 Metaspace       used 62425K, committed 63808K, reserved 1114112K
  class space    used 6617K, committed 7168K, reserved 1048576K
}
Event: 22.312 GC heap before
{Heap before GC invocations=221 (full 3):
 PSYoungGen      total 6656K, used 6635K [0x00000000d5580000, 0x00000000d5e00000, 0x0000000100000000)
  eden space 5632K, 100% used [0x00000000d5580000,0x00000000d5b00000,0x00000000d5b00000)
  from space 1024K, 97% used [0x00000000d5b80000,0x00000000d5c7ace0,0x00000000d5c80000)
  to   space 1536K, 0% used [0x00000000d5c80000,0x00000000d5c80000,0x00000000d5e00000)
 ParOldGen       total 113664K, used 113457K [0x0000000080000000, 0x0000000086f00000, 0x00000000d5580000)
  object space 113664K, 99% used [0x0000000080000000,0x0000000086ecc4a0,0x0000000086f00000)
 Metaspace       used 62661K, committed 64128K, reserved 1114112K
  class space    used 6629K, committed 7232K, reserved 1048576K
}
Event: 22.314 GC heap after
{Heap after GC invocations=221 (full 3):
 PSYoungGen      total 7168K, used 1040K [0x00000000d5580000, 0x00000000d5e00000, 0x0000000100000000)
  eden space 5632K, 0% used [0x00000000d5580000,0x00000000d5580000,0x00000000d5b00000)
  from space 1536K, 67% used [0x00000000d5c80000,0x00000000d5d84010,0x00000000d5e00000)
  to   space 1536K, 0% used [0x00000000d5b00000,0x00000000d5b00000,0x00000000d5c80000)
 ParOldGen       total 114176K, used 113910K [0x0000000080000000, 0x0000000086f80000, 0x00000000d5580000)
  object space 114176K, 99% used [0x0000000080000000,0x0000000086f3d818,0x0000000086f80000)
 Metaspace       used 62661K, committed 64128K, reserved 1114112K
  class space    used 6629K, committed 7232K, reserved 1048576K
}
Event: 22.367 GC heap before
{Heap before GC invocations=222 (full 3):
 PSYoungGen      total 7168K, used 6672K [0x00000000d5580000, 0x00000000d5e00000, 0x0000000100000000)
  eden space 5632K, 100% used [0x00000000d5580000,0x00000000d5b00000,0x00000000d5b00000)
  from space 1536K, 67% used [0x00000000d5c80000,0x00000000d5d84010,0x00000000d5e00000)
  to   space 1536K, 0% used [0x00000000d5b00000,0x00000000d5b00000,0x00000000d5c80000)
 ParOldGen       total 114176K, used 113910K [0x0000000080000000, 0x0000000086f80000, 0x00000000d5580000)
  object space 114176K, 99% used [0x0000000080000000,0x0000000086f3d818,0x0000000086f80000)
 Metaspace       used 62990K, committed 64448K, reserved 1114112K
  class space    used 6660K, committed 7232K, reserved 1048576K
}
Event: 22.370 GC heap after
{Heap after GC invocations=222 (full 3):
 PSYoungGen      total 7168K, used 986K [0x00000000d5580000, 0x00000000d5e00000, 0x0000000100000000)
  eden space 5632K, 0% used [0x00000000d5580000,0x00000000d5580000,0x00000000d5b00000)
  from space 1536K, 64% used [0x00000000d5b00000,0x00000000d5bf6900,0x00000000d5c80000)
  to   space 1536K, 0% used [0x00000000d5c80000,0x00000000d5c80000,0x00000000d5e00000)
 ParOldGen       total 114688K, used 114452K [0x0000000080000000, 0x0000000087000000, 0x00000000d5580000)
  object space 114688K, 99% used [0x0000000080000000,0x0000000086fc50a8,0x0000000087000000)
 Metaspace       used 62990K, committed 64448K, reserved 1114112K
  class space    used 6660K, committed 7232K, reserved 1048576K
}
Event: 22.429 GC heap before
{Heap before GC invocations=223 (full 3):
 PSYoungGen      total 7168K, used 6618K [0x00000000d5580000, 0x00000000d5e00000, 0x0000000100000000)
  eden space 5632K, 100% used [0x00000000d5580000,0x00000000d5b00000,0x00000000d5b00000)
  from space 1536K, 64% used [0x00000000d5b00000,0x00000000d5bf6900,0x00000000d5c80000)
  to   space 1536K, 0% used [0x00000000d5c80000,0x00000000d5c80000,0x00000000d5e00000)
 ParOldGen       total 114688K, used 114452K [0x0000000080000000, 0x0000000087000000, 0x00000000d5580000)
  object space 114688K, 99% used [0x0000000080000000,0x0000000086fc50a8,0x0000000087000000)
 Metaspace       used 63436K, committed 64960K, reserved 1114112K
  class space    used 6704K, committed 7296K, reserved 1048576K
}
Event: 22.432 GC heap after
{Heap after GC invocations=223 (full 3):
 PSYoungGen      total 7168K, used 1280K [0x00000000d5580000, 0x00000000d5e00000, 0x0000000100000000)
  eden space 5632K, 0% used [0x00000000d5580000,0x00000000d5580000,0x00000000d5b00000)
  from space 1536K, 83% used [0x00000000d5c80000,0x00000000d5dc0020,0x00000000d5e00000)
  to   space 1536K, 0% used [0x00000000d5b00000,0x00000000d5b00000,0x00000000d5c80000)
 ParOldGen       total 115200K, used 115150K [0x0000000080000000, 0x0000000087080000, 0x00000000d5580000)
  object space 115200K, 99% used [0x0000000080000000,0x0000000087073858,0x0000000087080000)
 Metaspace       used 63436K, committed 64960K, reserved 1114112K
  class space    used 6704K, committed 7296K, reserved 1048576K
}
Event: 22.513 GC heap before
{Heap before GC invocations=224 (full 3):
 PSYoungGen      total 7168K, used 6905K [0x00000000d5580000, 0x00000000d5e00000, 0x0000000100000000)
  eden space 5632K, 99% used [0x00000000d5580000,0x00000000d5afe580,0x00000000d5b00000)
  from space 1536K, 83% used [0x00000000d5c80000,0x00000000d5dc0020,0x00000000d5e00000)
  to   space 1536K, 0% used [0x00000000d5b00000,0x00000000d5b00000,0x00000000d5c80000)
 ParOldGen       total 115200K, used 115150K [0x0000000080000000, 0x0000000087080000, 0x00000000d5580000)
  object space 115200K, 99% used [0x0000000080000000,0x0000000087073858,0x0000000087080000)
 Metaspace       used 63791K, committed 65216K, reserved 1114112K
  class space    used 6731K, committed 7296K, reserved 1048576K
}
Event: 22.516 GC heap after
{Heap after GC invocations=224 (full 3):
 PSYoungGen      total 7168K, used 1504K [0x00000000d5580000, 0x00000000d6100000, 0x0000000100000000)
  eden space 5632K, 0% used [0x00000000d5580000,0x00000000d5580000,0x00000000d5b00000)
  from space 1536K, 97% used [0x00000000d5b00000,0x00000000d5c78300,0x00000000d5c80000)
  to   space 3072K, 0% used [0x00000000d5e00000,0x00000000d5e00000,0x00000000d6100000)
 ParOldGen       total 116224K, used 116095K [0x0000000080000000, 0x0000000087180000, 0x00000000d5580000)
  object space 116224K, 99% used [0x0000000080000000,0x000000008715fee0,0x0000000087180000)
 Metaspace       used 63791K, committed 65216K, reserved 1114112K
  class space    used 6731K, committed 7296K, reserved 1048576K
}
Event: 23.601 GC heap before
{Heap before GC invocations=225 (full 3):
 PSYoungGen      total 7168K, used 7136K [0x00000000d5580000, 0x00000000d6100000, 0x0000000100000000)
  eden space 5632K, 100% used [0x00000000d5580000,0x00000000d5b00000,0x00000000d5b00000)
  from space 1536K, 97% used [0x00000000d5b00000,0x00000000d5c78300,0x00000000d5c80000)
  to   space 3072K, 0% used [0x00000000d5e00000,0x00000000d5e00000,0x00000000d6100000)
 ParOldGen       total 116224K, used 116111K [0x0000000080000000, 0x0000000087180000, 0x00000000d5580000)
  object space 116224K, 99% used [0x0000000080000000,0x0000000087163ef0,0x0000000087180000)
 Metaspace       used 64020K, committed 65472K, reserved 1114112K
  class space    used 6747K, committed 7296K, reserved 1048576K
}
Event: 23.605 GC heap after
{Heap after GC invocations=225 (full 3):
 PSYoungGen      total 6656K, used 661K [0x00000000d5580000, 0x00000000d5f00000, 0x0000000100000000)
  eden space 5632K, 0% used [0x00000000d5580000,0x00000000d5580000,0x00000000d5b00000)
  from space 1024K, 64% used [0x00000000d5e00000,0x00000000d5ea5610,0x00000000d5f00000)
  to   space 1536K, 0% used [0x00000000d5c00000,0x00000000d5c00000,0x00000000d5d80000)
 ParOldGen       total 116736K, used 116568K [0x0000000080000000, 0x0000000087200000, 0x00000000d5580000)
  object space 116736K, 99% used [0x0000000080000000,0x00000000871d6038,0x0000000087200000)
 Metaspace       used 64020K, committed 65472K, reserved 1114112K
  class space    used 6747K, committed 7296K, reserved 1048576K
}
Event: 23.739 GC heap before
{Heap before GC invocations=226 (full 3):
 PSYoungGen      total 6656K, used 6293K [0x00000000d5580000, 0x00000000d5f00000, 0x0000000100000000)
  eden space 5632K, 100% used [0x00000000d5580000,0x00000000d5b00000,0x00000000d5b00000)
  from space 1024K, 64% used [0x00000000d5e00000,0x00000000d5ea5610,0x00000000d5f00000)
  to   space 1536K, 0% used [0x00000000d5c00000,0x00000000d5c00000,0x00000000d5d80000)
 ParOldGen       total 116736K, used 116571K [0x0000000080000000, 0x0000000087200000, 0x00000000d5580000)
  object space 116736K, 99% used [0x0000000080000000,0x00000000871d6dd0,0x0000000087200000)
 Metaspace       used 64243K, committed 65600K, reserved 1114112K
  class space    used 6764K, committed 7296K, reserved 1048576K
}
Event: 23.743 GC heap after
{Heap after GC invocations=226 (full 3):
 PSYoungGen      total 7168K, used 1088K [0x00000000d5580000, 0x00000000d5e80000, 0x0000000100000000)
  eden space 5632K, 0% used [0x00000000d5580000,0x00000000d5580000,0x00000000d5b00000)
  from space 1536K, 70% used [0x00000000d5c00000,0x00000000d5d10020,0x00000000d5d80000)
  to   space 1024K, 0% used [0x00000000d5d80000,0x00000000d5d80000,0x00000000d5e80000)
 ParOldGen       total 117248K, used 117078K [0x0000000080000000, 0x0000000087280000, 0x00000000d5580000)
  object space 117248K, 99% used [0x0000000080000000,0x00000000872559f0,0x0000000087280000)
 Metaspace       used 64243K, committed 65600K, reserved 1114112K
  class space    used 6764K, committed 7296K, reserved 1048576K
}

