# JRE version: OpenJDK Runtime Environment Temurin-21.0.10+7 (21.0.10+7) (build 21.0.10+7-LTS)
# Java VM: OpenJDK 64-Bit Server VM Temurin-21.0.10+7 (21.0.10+7-LTS, mixed mode, sharing, tiered, compressed oops, compressed class ptrs, parallel gc, windows-amd64)
GC Precious Log:
 CardTable entry size: 512
 CPUs: 16 total, 16 available
 Memory: 7501M
 Large Page Support: Disabled
 NUMA Support: Disabled
 Compressed Oops: Enabled (32-bit)
 Alignments: Space 512K, Generation 512K, Heap 2M
 Heap Min Capacity: 100M
 Heap Initial Capacity: 100M
 Heap Max Capacity: 2G
 Pre-touch: Disabled
 Parallel Workers: 13
Heap:
 PSYoungGen      total 4608K, used 4441K [0x00000000d5580000, 0x00000000d5b80000, 0x0000000100000000)
  eden space 4096K, 99% used [0x00000000d5580000,0x00000000d597e5d0,0x00000000d5980000)
  from space 512K, 68% used [0x00000000d5b00000,0x00000000d5b58000,0x00000000d5b80000)
  to   space 512K, 0% used [0x00000000d5a80000,0x00000000d5a80000,0x00000000d5b00000)
 ParOldGen       total 1302016K, used 1301551K [0x0000000080000000, 0x00000000cf780000, 0x00000000d5580000)
  object space 1302016K, 99% used [0x0000000080000000,0x00000000cf70bf08,0x00000000cf780000)
 Metaspace       used 89809K, committed 91712K, reserved 1179648K
  class space    used 9260K, committed 10048K, reserved 1048576K
GC Heap History (20 events):
Event: 579.741 GC heap before
{Heap before GC invocations=2757 (full 4):
 PSYoungGen      total 4608K, used 4160K [0x00000000d5580000, 0x00000000d5c80000, 0x0000000100000000)
  eden space 2560K, 100% used [0x00000000d5580000,0x00000000d5800000,0x00000000d5800000)
  from space 2048K, 78% used [0x00000000d5a80000,0x00000000d5c10000,0x00000000d5c80000)
  to   space 2048K, 0% used [0x00000000d5880000,0x00000000d5880000,0x00000000d5a80000)
 ParOldGen       total 1294848K, used 1294835K [0x0000000080000000, 0x00000000cf080000, 0x00000000d5580000)
  object space 1294848K, 99% used [0x0000000080000000,0x00000000cf07cca8,0x00000000cf080000)
 Metaspace       used 89748K, committed 91584K, reserved 1179648K
  class space    used 9260K, committed 10048K, reserved 1048576K
}
Event: 579.747 GC heap after
{Heap after GC invocations=2757 (full 4):
 PSYoungGen      total 5120K, used 2048K [0x00000000d5580000, 0x00000000d6080000, 0x0000000100000000)
  eden space 3072K, 0% used [0x00000000d5580000,0x00000000d5580000,0x00000000d5880000)
  from space 2048K, 100% used [0x00000000d5880000,0x00000000d5a80000,0x00000000d5a80000)
  to   space 4096K, 0% used [0x00000000d5c80000,0x00000000d5c80000,0x00000000d6080000)
 ParOldGen       total 1296384K, used 1296307K [0x0000000080000000, 0x00000000cf200000, 0x00000000d5580000)
  object space 1296384K, 99% used [0x0000000080000000,0x00000000cf1ecca8,0x00000000cf200000)
 Metaspace       used 89748K, committed 91584K, reserved 1179648K
  class space    used 9260K, committed 10048K, reserved 1048576K
}
Event: 579.764 GC heap before
{Heap before GC invocations=2758 (full 4):
 PSYoungGen      total 5120K, used 5120K [0x00000000d5580000, 0x00000000d6080000, 0x0000000100000000)
  eden space 3072K, 100% used [0x00000000d5580000,0x00000000d5880000,0x00000000d5880000)
  from space 2048K, 100% used [0x00000000d5880000,0x00000000d5a80000,0x00000000d5a80000)
  to   space 4096K, 0% used [0x00000000d5c80000,0x00000000d5c80000,0x00000000d6080000)
 ParOldGen       total 1296384K, used 1296307K [0x0000000080000000, 0x00000000cf200000, 0x00000000d5580000)
  object space 1296384K, 99% used [0x0000000080000000,0x00000000cf1ecca8,0x00000000cf200000)
 Metaspace       used 89748K, committed 91584K, reserved 1179648K
  class space    used 9260K, committed 10048K, reserved 1048576K
}
Event: 579.770 GC heap after
{Heap after GC invocations=2758 (full 4):
 PSYoungGen      total 5120K, used 650K [0x00000000d5580000, 0x00000000d5d80000, 0x0000000100000000)
  eden space 4096K, 0% used [0x00000000d5580000,0x00000000d5580000,0x00000000d5980000)
  from space 1024K, 63% used [0x00000000d5c80000,0x00000000d5d22910,0x00000000d5d80000)
  to   space 2048K, 0% used [0x00000000d5980000,0x00000000d5980000,0x00000000d5b80000)
 ParOldGen       total 1298432K, used 1298227K [0x0000000080000000, 0x00000000cf400000, 0x00000000d5580000)
  object space 1298432K, 99% used [0x0000000080000000,0x00000000cf3ccca8,0x00000000cf400000)
 Metaspace       used 89748K, committed 91584K, reserved 1179648K
  class space    used 9260K, committed 10048K, reserved 1048576K
}
Event: 579.846 GC heap before
{Heap before GC invocations=2759 (full 4):
 PSYoungGen      total 5120K, used 4746K [0x00000000d5580000, 0x00000000d5d80000, 0x0000000100000000)
  eden space 4096K, 99% used [0x00000000d5580000,0x00000000d597ffe8,0x00000000d5980000)
  from space 1024K, 63% used [0x00000000d5c80000,0x00000000d5d22910,0x00000000d5d80000)
  to   space 2048K, 0% used [0x00000000d5980000,0x00000000d5980000,0x00000000d5b80000)
 ParOldGen       total 1298432K, used 1298227K [0x0000000080000000, 0x00000000cf400000, 0x00000000d5580000)
  object space 1298432K, 99% used [0x0000000080000000,0x00000000cf3ccca8,0x00000000cf400000)
 Metaspace       used 89748K, committed 91584K, reserved 1179648K
  class space    used 9260K, committed 10048K, reserved 1048576K
}
Event: 579.851 GC heap after
{Heap after GC invocations=2759 (full 4):
 PSYoungGen      total 6144K, used 884K [0x00000000d5580000, 0x00000000d5d00000, 0x0000000100000000)
  eden space 4096K, 0% used [0x00000000d5580000,0x00000000d5580000,0x00000000d5980000)
  from space 2048K, 43% used [0x00000000d5980000,0x00000000d5a5d200,0x00000000d5b80000)
  to   space 1024K, 0% used [0x00000000d5c00000,0x00000000d5c00000,0x00000000d5d00000)
 ParOldGen       total 1298944K, used 1298751K [0x0000000080000000, 0x00000000cf480000, 0x00000000d5580000)
  object space 1298944K, 99% used [0x0000000080000000,0x00000000cf44feb8,0x00000000cf480000)
 Metaspace       used 89748K, committed 91584K, reserved 1179648K
  class space    used 9260K, committed 10048K, reserved 1048576K
}
Event: 580.161 GC heap before
{Heap before GC invocations=2760 (full 4):
 PSYoungGen      total 6144K, used 4980K [0x00000000d5580000, 0x00000000d5d00000, 0x0000000100000000)
  eden space 4096K, 99% used [0x00000000d5580000,0x00000000d597ffe0,0x00000000d5980000)
  from space 2048K, 43% used [0x00000000d5980000,0x00000000d5a5d200,0x00000000d5b80000)
  to   space 1024K, 0% used [0x00000000d5c00000,0x00000000d5c00000,0x00000000d5d00000)
 ParOldGen       total 1298944K, used 1298751K [0x0000000080000000, 0x00000000cf480000, 0x00000000d5580000)
  object space 1298944K, 99% used [0x0000000080000000,0x00000000cf44feb8,0x00000000cf480000)
 Metaspace       used 89748K, committed 91584K, reserved 1179648K
  class space    used 9260K, committed 10048K, reserved 1048576K
}
Event: 580.166 GC heap after
{Heap after GC invocations=2760 (full 4):
 PSYoungGen      total 5120K, used 724K [0x00000000d5580000, 0x00000000d5d00000, 0x0000000100000000)
  eden space 4096K, 0% used [0x00000000d5580000,0x00000000d5580000,0x00000000d5980000)
  from space 1024K, 70% used [0x00000000d5c00000,0x00000000d5cb5200,0x00000000d5d00000)
  to   space 1024K, 0% used [0x00000000d5b00000,0x00000000d5b00000,0x00000000d5c00000)
 ParOldGen       total 1299968K, used 1299484K [0x0000000080000000, 0x00000000cf580000, 0x00000000d5580000)
  object space 1299968K, 99% used [0x0000000080000000,0x00000000cf5070c8,0x00000000cf580000)
 Metaspace       used 89748K, committed 91584K, reserved 1179648K
  class space    used 9260K, committed 10048K, reserved 1048576K
}
Event: 580.188 GC heap before
{Heap before GC invocations=2761 (full 4):
 PSYoungGen      total 5120K, used 4820K [0x00000000d5580000, 0x00000000d5d00000, 0x0000000100000000)
  eden space 4096K, 100% used [0x00000000d5580000,0x00000000d5980000,0x00000000d5980000)
  from space 1024K, 70% used [0x00000000d5c00000,0x00000000d5cb5200,0x00000000d5d00000)
  to   space 1024K, 0% used [0x00000000d5b00000,0x00000000d5b00000,0x00000000d5c00000)
 ParOldGen       total 1299968K, used 1299484K [0x0000000080000000, 0x00000000cf580000, 0x00000000d5580000)
  object space 1299968K, 99% used [0x0000000080000000,0x00000000cf5070c8,0x00000000cf580000)
 Metaspace       used 89748K, committed 91584K, reserved 1179648K
  class space    used 9260K, committed 10048K, reserved 1048576K
}
Event: 580.193 GC heap after
{Heap after GC invocations=2761 (full 4):
 PSYoungGen      total 5120K, used 580K [0x00000000d5580000, 0x00000000d5c80000, 0x0000000100000000)
  eden space 4096K, 0% used [0x00000000d5580000,0x00000000d5580000,0x00000000d5980000)
  from space 1024K, 56% used [0x00000000d5b00000,0x00000000d5b91210,0x00000000d5c00000)
  to   space 512K, 0% used [0x00000000d5c00000,0x00000000d5c00000,0x00000000d5c80000)
 ParOldGen       total 1299968K, used 1299720K [0x0000000080000000, 0x00000000cf580000, 0x00000000d5580000)
  object space 1299968K, 99% used [0x0000000080000000,0x00000000cf5420d8,0x00000000cf580000)
 Metaspace       used 89748K, committed 91584K, reserved 1179648K
  class space    used 9260K, committed 10048K, reserved 1048576K
}
Event: 582.398 GC heap before
{Heap before GC invocations=2762 (full 4):
 PSYoungGen      total 5120K, used 4676K [0x00000000d5580000, 0x00000000d5c80000, 0x0000000100000000)
  eden space 4096K, 100% used [0x00000000d5580000,0x00000000d5980000,0x00000000d5980000)
  from space 1024K, 56% used [0x00000000d5b00000,0x00000000d5b91210,0x00000000d5c00000)
  to   space 512K, 0% used [0x00000000d5c00000,0x00000000d5c00000,0x00000000d5c80000)
 ParOldGen       total 1299968K, used 1299720K [0x0000000080000000, 0x00000000cf580000, 0x00000000d5580000)
  object space 1299968K, 99% used [0x0000000080000000,0x00000000cf5420d8,0x00000000cf580000)
 Metaspace       used 89757K, committed 91584K, reserved 1179648K
  class space    used 9260K, committed 10048K, reserved 1048576K
}
Event: 582.401 GC heap after
{Heap after GC invocations=2762 (full 4):
 PSYoungGen      total 4608K, used 506K [0x00000000d5580000, 0x00000000d5c80000, 0x0000000100000000)
  eden space 4096K, 0% used [0x00000000d5580000,0x00000000d5580000,0x00000000d5980000)
  from space 512K, 98% used [0x00000000d5c00000,0x00000000d5c7e900,0x00000000d5c80000)
  to   space 1024K, 0% used [0x00000000d5a80000,0x00000000d5a80000,0x00000000d5b80000)
 ParOldGen       total 1300480K, used 1300026K [0x0000000080000000, 0x00000000cf600000, 0x00000000d5580000)
  object space 1300480K, 99% used [0x0000000080000000,0x00000000cf58e9d8,0x00000000cf600000)
 Metaspace       used 89757K, committed 91584K, reserved 1179648K
  class space    used 9260K, committed 10048K, reserved 1048576K
}
Event: 582.417 GC heap before
{Heap before GC invocations=2763 (full 4):
 PSYoungGen      total 4608K, used 4602K [0x00000000d5580000, 0x00000000d5c80000, 0x0000000100000000)
  eden space 4096K, 100% used [0x00000000d5580000,0x00000000d5980000,0x00000000d5980000)
  from space 512K, 98% used [0x00000000d5c00000,0x00000000d5c7e900,0x00000000d5c80000)
  to   space 1024K, 0% used [0x00000000d5a80000,0x00000000d5a80000,0x00000000d5b80000)
 ParOldGen       total 1300480K, used 1300026K [0x0000000080000000, 0x00000000cf600000, 0x00000000d5580000)
  object space 1300480K, 99% used [0x0000000080000000,0x00000000cf58e9d8,0x00000000cf600000)
 Metaspace       used 89757K, committed 91584K, reserved 1179648K
  class space    used 9260K, committed 10048K, reserved 1048576K
}
Event: 582.420 GC heap after
{Heap after GC invocations=2763 (full 4):
 PSYoungGen      total 5120K, used 836K [0x00000000d5580000, 0x00000000d5c80000, 0x0000000100000000)
  eden space 4096K, 0% used [0x00000000d5580000,0x00000000d5580000,0x00000000d5980000)
  from space 1024K, 81% used [0x00000000d5a80000,0x00000000d5b51210,0x00000000d5b80000)
  to   space 1024K, 0% used [0x00000000d5b80000,0x00000000d5b80000,0x00000000d5c80000)
 ParOldGen       total 1300992K, used 1300589K [0x0000000080000000, 0x00000000cf680000, 0x00000000d5580000)
  object space 1300992K, 99% used [0x0000000080000000,0x00000000cf61b7f8,0x00000000cf680000)
 Metaspace       used 89757K, committed 91584K, reserved 1179648K
  class space    used 9260K, committed 10048K, reserved 1048576K
}
Event: 582.700 GC heap before
{Heap before GC invocations=2764 (full 4):
 PSYoungGen      total 5120K, used 4932K [0x00000000d5580000, 0x00000000d5c80000, 0x0000000100000000)
  eden space 4096K, 99% used [0x00000000d5580000,0x00000000d597fff0,0x00000000d5980000)
  from space 1024K, 81% used [0x00000000d5a80000,0x00000000d5b51210,0x00000000d5b80000)
  to   space 1024K, 0% used [0x00000000d5b80000,0x00000000d5b80000,0x00000000d5c80000)
 ParOldGen       total 1300992K, used 1300589K [0x0000000080000000, 0x00000000cf680000, 0x00000000d5580000)
  object space 1300992K, 99% used [0x0000000080000000,0x00000000cf61b7f8,0x00000000cf680000)
 Metaspace       used 89765K, committed 91648K, reserved 1179648K
  class space    used 9260K, committed 10048K, reserved 1048576K
}
Event: 582.704 GC heap after
{Heap after GC invocations=2764 (full 4):
 PSYoungGen      total 4608K, used 352K [0x00000000d5580000, 0x00000000d5c00000, 0x0000000100000000)
  eden space 4096K, 0% used [0x00000000d5580000,0x00000000d5580000,0x00000000d5980000)
  from space 512K, 68% used [0x00000000d5b80000,0x00000000d5bd8000,0x00000000d5c00000)
  to   space 1024K, 0% used [0x00000000d5a00000,0x00000000d5a00000,0x00000000d5b00000)
 ParOldGen       total 1301504K, used 1301391K [0x0000000080000000, 0x00000000cf700000, 0x00000000d5580000)
  object space 1301504K, 99% used [0x0000000080000000,0x00000000cf6e3f08,0x00000000cf700000)
 Metaspace       used 89765K, committed 91648K, reserved 1179648K
  class space    used 9260K, committed 10048K, reserved 1048576K
}
Event: 582.803 GC heap before
{Heap before GC invocations=2765 (full 4):
 PSYoungGen      total 4608K, used 4447K [0x00000000d5580000, 0x00000000d5c00000, 0x0000000100000000)
  eden space 4096K, 99% used [0x00000000d5580000,0x00000000d597fdc0,0x00000000d5980000)
  from space 512K, 68% used [0x00000000d5b80000,0x00000000d5bd8000,0x00000000d5c00000)
  to   space 1024K, 0% used [0x00000000d5a00000,0x00000000d5a00000,0x00000000d5b00000)
 ParOldGen       total 1301504K, used 1301391K [0x0000000080000000, 0x00000000cf700000, 0x00000000d5580000)
  object space 1301504K, 99% used [0x0000000080000000,0x00000000cf6e3f08,0x00000000cf700000)
 Metaspace       used 89765K, committed 91648K, reserved 1179648K
  class space    used 9260K, committed 10048K, reserved 1048576K
}
Event: 582.808 GC heap after
{Heap after GC invocations=2765 (full 4):
 PSYoungGen      total 5120K, used 692K [0x00000000d5580000, 0x00000000d5c00000, 0x0000000100000000)
  eden space 4096K, 0% used [0x00000000d5580000,0x00000000d5580000,0x00000000d5980000)
  from space 1024K, 67% used [0x00000000d5a00000,0x00000000d5aad200,0x00000000d5b00000)
  to   space 1024K, 0% used [0x00000000d5b00000,0x00000000d5b00000,0x00000000d5c00000)
 ParOldGen       total 1301504K, used 1301479K [0x0000000080000000, 0x00000000cf700000, 0x00000000d5580000)
  object space 1301504K, 99% used [0x0000000080000000,0x00000000cf6f9f08,0x00000000cf700000)
 Metaspace       used 89765K, committed 91648K, reserved 1179648K
  class space    used 9260K, committed 10048K, reserved 1048576K
}
Event: 583.168 GC heap before
{Heap before GC invocations=2766 (full 4):
 PSYoungGen      total 5120K, used 4788K [0x00000000d5580000, 0x00000000d5c00000, 0x0000000100000000)
  eden space 4096K, 100% used [0x00000000d5580000,0x00000000d5980000,0x00000000d5980000)
  from space 1024K, 67% used [0x00000000d5a00000,0x00000000d5aad200,0x00000000d5b00000)
  to   space 1024K, 0% used [0x00000000d5b00000,0x00000000d5b00000,0x00000000d5c00000)
 ParOldGen       total 1301504K, used 1301479K [0x0000000080000000, 0x00000000cf700000, 0x00000000d5580000)
  object space 1301504K, 99% used [0x0000000080000000,0x00000000cf6f9f08,0x00000000cf700000)
 Metaspace       used 89765K, committed 91648K, reserved 1179648K
  class space    used 9260K, committed 10048K, reserved 1048576K
}
Event: 583.171 GC heap after
{Heap after GC invocations=2766 (full 4):
 PSYoungGen      total 4608K, used 352K [0x00000000d5580000, 0x00000000d5b80000, 0x0000000100000000)
  eden space 4096K, 0% used [0x00000000d5580000,0x00000000d5580000,0x00000000d5980000)
  from space 512K, 68% used [0x00000000d5b00000,0x00000000d5b58000,0x00000000d5b80000)
  to   space 512K, 0% used [0x00000000d5a80000,0x00000000d5a80000,0x00000000d5b00000)
 ParOldGen       total 1302016K, used 1301551K [0x0000000080000000, 0x00000000cf780000, 0x00000000d5580000)
  object space 1302016K, 99% used [0x0000000080000000,0x00000000cf70bf08,0x00000000cf780000)
 Metaspace       used 89765K, committed 91648K, reserved 1179648K
  class space    used 9260K, committed 10048K, reserved 1048576K
}

