# JRE version: OpenJDK Runtime Environment Temurin-21.0.11+10 (21.0.11+10) (build 21.0.11+10-LTS)
# Java VM: OpenJDK 64-Bit Server VM Temurin-21.0.11+10 (21.0.11+10-LTS, mixed mode, sharing, tiered, compressed oops, compressed class ptrs, parallel gc, windows-amd64)
GC Precious Log:
 CardTable entry size: 512
 CPUs: 2 total, 2 available
 Memory: 3858M
 Large Page Support: Disabled
 NUMA Support: Disabled
 Compressed Oops: Enabled (32-bit)
 Alignments: Space 512K, Generation 512K, Heap 2M
 Heap Min Capacity: 100M
 Heap Initial Capacity: 100M
 Heap Max Capacity: 2G
 Pre-touch: Disabled
 Parallel Workers: 2
Heap:
 PSYoungGen      total 4608K, used 1741K [0x00000000d5580000, 0x00000000d5c80000, 0x0000000100000000)
  eden space 4096K, 30% used [0x00000000d5580000,0x00000000d56b6300,0x00000000d5980000)
  from space 512K, 97% used [0x00000000d5b00000,0x00000000d5b7d220,0x00000000d5b80000)
  to   space 1536K, 0% used [0x00000000d5980000,0x00000000d5980000,0x00000000d5b00000)
 ParOldGen       total 806400K, used 604574K [0x0000000080000000, 0x00000000b1380000, 0x00000000d5580000)
  object space 806400K, 74% used [0x0000000080000000,0x00000000a4e678d0,0x00000000b1380000)
 Metaspace       used 98704K, committed 100480K, reserved 1179648K
  class space    used 10142K, committed 11072K, reserved 1048576K
GC Heap History (20 events):
Event: 67510.810 GC heap before
{Heap before GC invocations=1988 (full 5):
 PSYoungGen      total 4608K, used 4586K [0x00000000d5580000, 0x00000000d5b80000, 0x0000000100000000)
  eden space 4096K, 100% used [0x00000000d5580000,0x00000000d5980000,0x00000000d5980000)
  from space 512K, 95% used [0x00000000d5a80000,0x00000000d5afa930,0x00000000d5b00000)
  to   space 1024K, 0% used [0x00000000d5980000,0x00000000d5980000,0x00000000d5a80000)
 ParOldGen       total 806400K, used 601352K [0x0000000080000000, 0x00000000b1380000, 0x00000000d5580000)
  object space 806400K, 74% used [0x0000000080000000,0x00000000a4b42080,0x00000000b1380000)
 Metaspace       used 98637K, committed 100416K, reserved 1179648K
  class space    used 10142K, committed 11072K, reserved 1048576K
}
Event: 67510.822 GC heap after
{Heap after GC invocations=1988 (full 5):
 PSYoungGen      total 5120K, used 256K [0x00000000d5580000, 0x00000000d5b00000, 0x0000000100000000)
  eden space 4096K, 0% used [0x00000000d5580000,0x00000000d5580000,0x00000000d5980000)
  from space 1024K, 25% used [0x00000000d5980000,0x00000000d59c0000,0x00000000d5a80000)
  to   space 512K, 0% used [0x00000000d5a80000,0x00000000d5a80000,0x00000000d5b00000)
 ParOldGen       total 806400K, used 601812K [0x0000000080000000, 0x00000000b1380000, 0x00000000d5580000)
  object space 806400K, 74% used [0x0000000080000000,0x00000000a4bb52b0,0x00000000b1380000)
 Metaspace       used 98637K, committed 100416K, reserved 1179648K
  class space    used 10142K, committed 11072K, reserved 1048576K
}
Event: 67511.052 GC heap before
{Heap before GC invocations=1989 (full 5):
 PSYoungGen      total 5120K, used 4351K [0x00000000d5580000, 0x00000000d5b00000, 0x0000000100000000)
  eden space 4096K, 99% used [0x00000000d5580000,0x00000000d597ffd0,0x00000000d5980000)
  from space 1024K, 25% used [0x00000000d5980000,0x00000000d59c0000,0x00000000d5a80000)
  to   space 512K, 0% used [0x00000000d5a80000,0x00000000d5a80000,0x00000000d5b00000)
 ParOldGen       total 806400K, used 601812K [0x0000000080000000, 0x00000000b1380000, 0x00000000d5580000)
  object space 806400K, 74% used [0x0000000080000000,0x00000000a4bb52b0,0x00000000b1380000)
 Metaspace       used 98639K, committed 100416K, reserved 1179648K
  class space    used 10142K, committed 11072K, reserved 1048576K
}
Event: 67511.059 GC heap after
{Heap after GC invocations=1989 (full 5):
 PSYoungGen      total 4608K, used 212K [0x00000000d5580000, 0x00000000d5b00000, 0x0000000100000000)
  eden space 4096K, 0% used [0x00000000d5580000,0x00000000d5580000,0x00000000d5980000)
  from space 512K, 41% used [0x00000000d5a80000,0x00000000d5ab5220,0x00000000d5b00000)
  to   space 512K, 0% used [0x00000000d5a00000,0x00000000d5a00000,0x00000000d5a80000)
 ParOldGen       total 806400K, used 602028K [0x0000000080000000, 0x00000000b1380000, 0x00000000d5580000)
  object space 806400K, 74% used [0x0000000080000000,0x00000000a4beb2b0,0x00000000b1380000)
 Metaspace       used 98639K, committed 100416K, reserved 1179648K
  class space    used 10142K, committed 11072K, reserved 1048576K
}
Event: 67511.188 GC heap before
{Heap before GC invocations=1990 (full 5):
 PSYoungGen      total 4608K, used 4308K [0x00000000d5580000, 0x00000000d5b00000, 0x0000000100000000)
  eden space 4096K, 100% used [0x00000000d5580000,0x00000000d5980000,0x00000000d5980000)
  from space 512K, 41% used [0x00000000d5a80000,0x00000000d5ab5220,0x00000000d5b00000)
  to   space 512K, 0% used [0x00000000d5a00000,0x00000000d5a00000,0x00000000d5a80000)
 ParOldGen       total 806400K, used 602028K [0x0000000080000000, 0x00000000b1380000, 0x00000000d5580000)
  object space 806400K, 74% used [0x0000000080000000,0x00000000a4beb2b0,0x00000000b1380000)
 Metaspace       used 98639K, committed 100416K, reserved 1179648K
  class space    used 10142K, committed 11072K, reserved 1048576K
}
Event: 67511.195 GC heap after
{Heap after GC invocations=1990 (full 5):
 PSYoungGen      total 4608K, used 484K [0x00000000d5580000, 0x00000000d5b80000, 0x0000000100000000)
  eden space 4096K, 0% used [0x00000000d5580000,0x00000000d5580000,0x00000000d5980000)
  from space 512K, 94% used [0x00000000d5a00000,0x00000000d5a79230,0x00000000d5a80000)
  to   space 1024K, 0% used [0x00000000d5a80000,0x00000000d5a80000,0x00000000d5b80000)
 ParOldGen       total 806400K, used 602108K [0x0000000080000000, 0x00000000b1380000, 0x00000000d5580000)
  object space 806400K, 74% used [0x0000000080000000,0x00000000a4bff2b0,0x00000000b1380000)
 Metaspace       used 98639K, committed 100416K, reserved 1179648K
  class space    used 10142K, committed 11072K, reserved 1048576K
}
Event: 417960.108 GC heap before
{Heap before GC invocations=1991 (full 5):
 PSYoungGen      total 4608K, used 4580K [0x00000000d5580000, 0x00000000d5b80000, 0x0000000100000000)
  eden space 4096K, 100% used [0x00000000d5580000,0x00000000d5980000,0x00000000d5980000)
  from space 512K, 94% used [0x00000000d5a00000,0x00000000d5a79230,0x00000000d5a80000)
  to   space 1024K, 0% used [0x00000000d5a80000,0x00000000d5a80000,0x00000000d5b80000)
 ParOldGen       total 806400K, used 602108K [0x0000000080000000, 0x00000000b1380000, 0x00000000d5580000)
  object space 806400K, 74% used [0x0000000080000000,0x00000000a4bff2b0,0x00000000b1380000)
 Metaspace       used 98646K, committed 100416K, reserved 1179648K
  class space    used 10142K, committed 11072K, reserved 1048576K
}
Event: 417961.643 GC heap after
{Heap after GC invocations=1991 (full 5):
 PSYoungGen      total 4608K, used 436K [0x00000000d5580000, 0x00000000d5b00000, 0x0000000100000000)
  eden space 4096K, 0% used [0x00000000d5580000,0x00000000d5580000,0x00000000d5980000)
  from space 512K, 85% used [0x00000000d5a80000,0x00000000d5aed220,0x00000000d5b00000)
  to   space 512K, 0% used [0x00000000d5a00000,0x00000000d5a00000,0x00000000d5a80000)
 ParOldGen       total 806400K, used 602569K [0x0000000080000000, 0x00000000b1380000, 0x00000000d5580000)
  object space 806400K, 74% used [0x0000000080000000,0x00000000a4c724e0,0x00000000b1380000)
 Metaspace       used 98646K, committed 100416K, reserved 1179648K
  class space    used 10142K, committed 11072K, reserved 1048576K
}
Event: 417963.018 GC heap before
{Heap before GC invocations=1992 (full 5):
 PSYoungGen      total 4608K, used 4532K [0x00000000d5580000, 0x00000000d5b00000, 0x0000000100000000)
  eden space 4096K, 100% used [0x00000000d5580000,0x00000000d5980000,0x00000000d5980000)
  from space 512K, 85% used [0x00000000d5a80000,0x00000000d5aed220,0x00000000d5b00000)
  to   space 512K, 0% used [0x00000000d5a00000,0x00000000d5a00000,0x00000000d5a80000)
 ParOldGen       total 806400K, used 602569K [0x0000000080000000, 0x00000000b1380000, 0x00000000d5580000)
  object space 806400K, 74% used [0x0000000080000000,0x00000000a4c724e0,0x00000000b1380000)
 Metaspace       used 98646K, committed 100416K, reserved 1179648K
  class space    used 10142K, committed 11072K, reserved 1048576K
}
Event: 417963.056 GC heap after
{Heap after GC invocations=1992 (full 5):
 PSYoungGen      total 4608K, used 490K [0x00000000d5580000, 0x00000000d5c80000, 0x0000000100000000)
  eden space 4096K, 0% used [0x00000000d5580000,0x00000000d5580000,0x00000000d5980000)
  from space 512K, 95% used [0x00000000d5a00000,0x00000000d5a7a930,0x00000000d5a80000)
  to   space 1536K, 0% used [0x00000000d5b00000,0x00000000d5b00000,0x00000000d5c80000)
 ParOldGen       total 806400K, used 603072K [0x0000000080000000, 0x00000000b1380000, 0x00000000d5580000)
  object space 806400K, 74% used [0x0000000080000000,0x00000000a4cf0100,0x00000000b1380000)
 Metaspace       used 98646K, committed 100416K, reserved 1179648K
  class space    used 10142K, committed 11072K, reserved 1048576K
}
Event: 417963.372 GC heap before
{Heap before GC invocations=1993 (full 5):
 PSYoungGen      total 4608K, used 4586K [0x00000000d5580000, 0x00000000d5c80000, 0x0000000100000000)
  eden space 4096K, 100% used [0x00000000d5580000,0x00000000d5980000,0x00000000d5980000)
  from space 512K, 95% used [0x00000000d5a00000,0x00000000d5a7a930,0x00000000d5a80000)
  to   space 1536K, 0% used [0x00000000d5b00000,0x00000000d5b00000,0x00000000d5c80000)
 ParOldGen       total 806400K, used 603072K [0x0000000080000000, 0x00000000b1380000, 0x00000000d5580000)
  object space 806400K, 74% used [0x0000000080000000,0x00000000a4cf0100,0x00000000b1380000)
 Metaspace       used 98658K, committed 100416K, reserved 1179648K
  class space    used 10142K, committed 11072K, reserved 1048576K
}
Event: 417963.403 GC heap after
{Heap after GC invocations=1993 (full 5):
 PSYoungGen      total 5120K, used 644K [0x00000000d5580000, 0x00000000d5c00000, 0x0000000100000000)
  eden space 4096K, 0% used [0x00000000d5580000,0x00000000d5580000,0x00000000d5980000)
  from space 1024K, 62% used [0x00000000d5b00000,0x00000000d5ba1210,0x00000000d5c00000)
  to   space 1024K, 0% used [0x00000000d5a00000,0x00000000d5a00000,0x00000000d5b00000)
 ParOldGen       total 806400K, used 603408K [0x0000000080000000, 0x00000000b1380000, 0x00000000d5580000)
  object space 806400K, 74% used [0x0000000080000000,0x00000000a4d44130,0x00000000b1380000)
 Metaspace       used 98658K, committed 100416K, reserved 1179648K
  class space    used 10142K, committed 11072K, reserved 1048576K
}
Event: 417963.701 GC heap before
{Heap before GC invocations=1994 (full 5):
 PSYoungGen      total 5120K, used 4740K [0x00000000d5580000, 0x00000000d5c00000, 0x0000000100000000)
  eden space 4096K, 99% used [0x00000000d5580000,0x00000000d597fff0,0x00000000d5980000)
  from space 1024K, 62% used [0x00000000d5b00000,0x00000000d5ba1210,0x00000000d5c00000)
  to   space 1024K, 0% used [0x00000000d5a00000,0x00000000d5a00000,0x00000000d5b00000)
 ParOldGen       total 806400K, used 603408K [0x0000000080000000, 0x00000000b1380000, 0x00000000d5580000)
  object space 806400K, 74% used [0x0000000080000000,0x00000000a4d44130,0x00000000b1380000)
 Metaspace       used 98660K, committed 100416K, reserved 1179648K
  class space    used 10142K, committed 11072K, reserved 1048576K
}
Event: 417963.718 GC heap after
{Heap after GC invocations=1994 (full 5):
 PSYoungGen      total 5120K, used 532K [0x00000000d5580000, 0x00000000d5b80000, 0x0000000100000000)
  eden space 4096K, 0% used [0x00000000d5580000,0x00000000d5580000,0x00000000d5980000)
  from space 1024K, 52% used [0x00000000d5a00000,0x00000000d5a85200,0x00000000d5b00000)
  to   space 512K, 0% used [0x00000000d5b00000,0x00000000d5b00000,0x00000000d5b80000)
 ParOldGen       total 806400K, used 603520K [0x0000000080000000, 0x00000000b1380000, 0x00000000d5580000)
  object space 806400K, 74% used [0x0000000080000000,0x00000000a4d60130,0x00000000b1380000)
 Metaspace       used 98660K, committed 100416K, reserved 1179648K
  class space    used 10142K, committed 11072K, reserved 1048576K
}
Event: 417963.793 GC heap before
{Heap before GC invocations=1995 (full 5):
 PSYoungGen      total 5120K, used 4628K [0x00000000d5580000, 0x00000000d5b80000, 0x0000000100000000)
  eden space 4096K, 100% used [0x00000000d5580000,0x00000000d5980000,0x00000000d5980000)
  from space 1024K, 52% used [0x00000000d5a00000,0x00000000d5a85200,0x00000000d5b00000)
  to   space 512K, 0% used [0x00000000d5b00000,0x00000000d5b00000,0x00000000d5b80000)
 ParOldGen       total 806400K, used 603520K [0x0000000080000000, 0x00000000b1380000, 0x00000000d5580000)
  object space 806400K, 74% used [0x0000000080000000,0x00000000a4d60130,0x00000000b1380000)
 Metaspace       used 98670K, committed 100480K, reserved 1179648K
  class space    used 10142K, committed 11072K, reserved 1048576K
}
Event: 417963.806 GC heap after
{Heap after GC invocations=1995 (full 5):
 PSYoungGen      total 4608K, used 394K [0x00000000d5580000, 0x00000000d5b80000, 0x0000000100000000)
  eden space 4096K, 0% used [0x00000000d5580000,0x00000000d5580000,0x00000000d5980000)
  from space 512K, 77% used [0x00000000d5b00000,0x00000000d5b62930,0x00000000d5b80000)
  to   space 512K, 0% used [0x00000000d5a80000,0x00000000d5a80000,0x00000000d5b00000)
 ParOldGen       total 806400K, used 603600K [0x0000000080000000, 0x00000000b1380000, 0x00000000d5580000)
  object space 806400K, 74% used [0x0000000080000000,0x00000000a4d74130,0x00000000b1380000)
 Metaspace       used 98670K, committed 100480K, reserved 1179648K
  class space    used 10142K, committed 11072K, reserved 1048576K
}
Event: 420243.376 GC heap before
{Heap before GC invocations=1996 (full 5):
 PSYoungGen      total 4608K, used 4486K [0x00000000d5580000, 0x00000000d5b80000, 0x0000000100000000)
  eden space 4096K, 99% used [0x00000000d5580000,0x00000000d597f070,0x00000000d5980000)
  from space 512K, 77% used [0x00000000d5b00000,0x00000000d5b62930,0x00000000d5b80000)
  to   space 512K, 0% used [0x00000000d5a80000,0x00000000d5a80000,0x00000000d5b00000)
 ParOldGen       total 806400K, used 603600K [0x0000000080000000, 0x00000000b1380000, 0x00000000d5580000)
  object space 806400K, 74% used [0x0000000080000000,0x00000000a4d74130,0x00000000b1380000)
 Metaspace       used 98676K, committed 100480K, reserved 1179648K
  class space    used 10142K, committed 11072K, reserved 1048576K
}
Event: 420245.145 GC heap after
{Heap after GC invocations=1996 (full 5):
 PSYoungGen      total 4608K, used 480K [0x00000000d5580000, 0x00000000d5b80000, 0x0000000100000000)
  eden space 4096K, 0% used [0x00000000d5580000,0x00000000d5580000,0x00000000d5980000)
  from space 512K, 93% used [0x00000000d5a80000,0x00000000d5af8020,0x00000000d5b00000)
  to   space 512K, 0% used [0x00000000d5b00000,0x00000000d5b00000,0x00000000d5b80000)
 ParOldGen       total 806400K, used 604050K [0x0000000080000000, 0x00000000b1380000, 0x00000000d5580000)
  object space 806400K, 74% used [0x0000000080000000,0x00000000a4de4860,0x00000000b1380000)
 Metaspace       used 98676K, committed 100480K, reserved 1179648K
  class space    used 10142K, committed 11072K, reserved 1048576K
}
Event: 420248.484 GC heap before
{Heap before GC invocations=1997 (full 5):
 PSYoungGen      total 4608K, used 4576K [0x00000000d5580000, 0x00000000d5b80000, 0x0000000100000000)
  eden space 4096K, 100% used [0x00000000d5580000,0x00000000d5980000,0x00000000d5980000)
  from space 512K, 93% used [0x00000000d5a80000,0x00000000d5af8020,0x00000000d5b00000)
  to   space 512K, 0% used [0x00000000d5b00000,0x00000000d5b00000,0x00000000d5b80000)
 ParOldGen       total 806400K, used 604050K [0x0000000080000000, 0x00000000b1380000, 0x00000000d5580000)
  object space 806400K, 74% used [0x0000000080000000,0x00000000a4de4860,0x00000000b1380000)
 Metaspace       used 98702K, committed 100480K, reserved 1179648K
  class space    used 10142K, committed 11072K, reserved 1048576K
}
Event: 420248.518 GC heap after
{Heap after GC invocations=1997 (full 5):
 PSYoungGen      total 4608K, used 500K [0x00000000d5580000, 0x00000000d5c80000, 0x0000000100000000)
  eden space 4096K, 0% used [0x00000000d5580000,0x00000000d5580000,0x00000000d5980000)
  from space 512K, 97% used [0x00000000d5b00000,0x00000000d5b7d220,0x00000000d5b80000)
  to   space 1536K, 0% used [0x00000000d5980000,0x00000000d5980000,0x00000000d5b00000)
 ParOldGen       total 806400K, used 604574K [0x0000000080000000, 0x00000000b1380000, 0x00000000d5580000)
  object space 806400K, 74% used [0x0000000080000000,0x00000000a4e678d0,0x00000000b1380000)
 Metaspace       used 98702K, committed 100480K, reserved 1179648K
  class space    used 10142K, committed 11072K, reserved 1048576K
}

