# JRE version: OpenJDK Runtime Environment Temurin-21.0.11+10 (21.0.11+10) (build 21.0.11+10-LTS)
# Java VM: OpenJDK 64-Bit Server VM Temurin-21.0.11+10 (21.0.11+10-LTS, mixed mode, sharing, tiered, compressed oops, compressed class ptrs, parallel gc, windows-amd64)
GC Precious Log:
 CardTable entry size: 512
 CPUs: 16 total, 16 available
 Memory: 7501M
 Large Page Support: Disabled
 NUMA Support: Disabled
 Compressed Oops: Enabled (32-bit)
 Alignments: Space 512K, Generation 512K, Heap 2M
 Heap Min Capacity: 100M
 Heap Initial Capacity: 100M
 Heap Max Capacity: 2G
 Pre-touch: Disabled
 Parallel Workers: 13
Heap:
 PSYoungGen      total 7168K, used 2491K [0x00000000d5580000, 0x00000000d6280000, 0x0000000100000000)
  eden space 6656K, 30% used [0x00000000d5580000,0x00000000d5776958,0x00000000d5c00000)
  from space 512K, 94% used [0x00000000d6200000,0x00000000d6278540,0x00000000d6280000)
  to   space 512K, 0% used [0x00000000d6180000,0x00000000d6180000,0x00000000d6200000)
 ParOldGen       total 96768K, used 96537K [0x0000000080000000, 0x0000000085e80000, 0x00000000d5580000)
  object space 96768K, 99% used [0x0000000080000000,0x0000000085e46668,0x0000000085e80000)
 Metaspace       used 69226K, committed 70784K, reserved 1114112K
  class space    used 7240K, committed 7936K, reserved 1048576K
GC Heap History (20 events):
Event: 22.006 GC heap before
{Heap before GC invocations=134 (full 3):
 PSYoungGen      total 7680K, used 7674K [0x00000000d5580000, 0x00000000d5f00000, 0x0000000100000000)
  eden space 6656K, 100% used [0x00000000d5580000,0x00000000d5c00000,0x00000000d5c00000)
  from space 1024K, 99% used [0x00000000d5d80000,0x00000000d5e7e900,0x00000000d5e80000)
  to   space 1536K, 0% used [0x00000000d5c00000,0x00000000d5c00000,0x00000000d5d80000)
 ParOldGen       total 87040K, used 86796K [0x0000000080000000, 0x0000000085500000, 0x00000000d5580000)
  object space 87040K, 99% used [0x0000000080000000,0x00000000854c32e8,0x0000000085500000)
 Metaspace       used 65631K, committed 67136K, reserved 1114112K
  class space    used 6845K, committed 7488K, reserved 1048576K
}
Event: 22.008 GC heap after
{Heap after GC invocations=134 (full 3):
 PSYoungGen      total 7680K, used 672K [0x00000000d5580000, 0x00000000d5e00000, 0x0000000100000000)
  eden space 6656K, 0% used [0x00000000d5580000,0x00000000d5580000,0x00000000d5c00000)
  from space 1024K, 65% used [0x00000000d5c00000,0x00000000d5ca8000,0x00000000d5d00000)
  to   space 1024K, 0% used [0x00000000d5d00000,0x00000000d5d00000,0x00000000d5e00000)
 ParOldGen       total 87552K, used 87217K [0x0000000080000000, 0x0000000085580000, 0x00000000d5580000)
  object space 87552K, 99% used [0x0000000080000000,0x000000008552c6b0,0x0000000085580000)
 Metaspace       used 65631K, committed 67136K, reserved 1114112K
  class space    used 6845K, committed 7488K, reserved 1048576K
}
Event: 22.210 GC heap before
{Heap before GC invocations=135 (full 3):
 PSYoungGen      total 7680K, used 7328K [0x00000000d5580000, 0x00000000d5e00000, 0x0000000100000000)
  eden space 6656K, 100% used [0x00000000d5580000,0x00000000d5c00000,0x00000000d5c00000)
  from space 1024K, 65% used [0x00000000d5c00000,0x00000000d5ca8000,0x00000000d5d00000)
  to   space 1024K, 0% used [0x00000000d5d00000,0x00000000d5d00000,0x00000000d5e00000)
 ParOldGen       total 87552K, used 87217K [0x0000000080000000, 0x0000000085580000, 0x00000000d5580000)
  object space 87552K, 99% used [0x0000000080000000,0x000000008552c6b0,0x0000000085580000)
 Metaspace       used 66318K, committed 67840K, reserved 1114112K
  class space    used 6901K, committed 7552K, reserved 1048576K
}
Event: 22.212 GC heap after
{Heap after GC invocations=135 (full 3):
 PSYoungGen      total 7680K, used 704K [0x00000000d5580000, 0x00000000d5e00000, 0x0000000100000000)
  eden space 6656K, 0% used [0x00000000d5580000,0x00000000d5580000,0x00000000d5c00000)
  from space 1024K, 68% used [0x00000000d5d00000,0x00000000d5db0020,0x00000000d5e00000)
  to   space 1024K, 0% used [0x00000000d5c00000,0x00000000d5c00000,0x00000000d5d00000)
 ParOldGen       total 88064K, used 87697K [0x0000000080000000, 0x0000000085600000, 0x00000000d5580000)
  object space 88064K, 99% used [0x0000000080000000,0x00000000855a46b0,0x0000000085600000)
 Metaspace       used 66318K, committed 67840K, reserved 1114112K
  class space    used 6901K, committed 7552K, reserved 1048576K
}
Event: 22.326 GC heap before
{Heap before GC invocations=136 (full 3):
 PSYoungGen      total 7680K, used 7360K [0x00000000d5580000, 0x00000000d5e00000, 0x0000000100000000)
  eden space 6656K, 100% used [0x00000000d5580000,0x00000000d5c00000,0x00000000d5c00000)
  from space 1024K, 68% used [0x00000000d5d00000,0x00000000d5db0020,0x00000000d5e00000)
  to   space 1024K, 0% used [0x00000000d5c00000,0x00000000d5c00000,0x00000000d5d00000)
 ParOldGen       total 88064K, used 87697K [0x0000000080000000, 0x0000000085600000, 0x00000000d5580000)
  object space 88064K, 99% used [0x0000000080000000,0x00000000855a46b0,0x0000000085600000)
 Metaspace       used 66479K, committed 67968K, reserved 1114112K
  class space    used 6931K, committed 7552K, reserved 1048576K
}
Event: 22.329 GC heap after
{Heap after GC invocations=136 (full 3):
 PSYoungGen      total 7680K, used 1017K [0x00000000d5580000, 0x00000000d6000000, 0x0000000100000000)
  eden space 6656K, 0% used [0x00000000d5580000,0x00000000d5580000,0x00000000d5c00000)
  from space 1024K, 99% used [0x00000000d5c00000,0x00000000d5cfe4b0,0x00000000d5d00000)
  to   space 2048K, 0% used [0x00000000d5e00000,0x00000000d5e00000,0x00000000d6000000)
 ParOldGen       total 88576K, used 88418K [0x0000000080000000, 0x0000000085680000, 0x00000000d5580000)
  object space 88576K, 99% used [0x0000000080000000,0x0000000085658a90,0x0000000085680000)
 Metaspace       used 66479K, committed 67968K, reserved 1114112K
  class space    used 6931K, committed 7552K, reserved 1048576K
}
Event: 22.516 GC heap before
{Heap before GC invocations=137 (full 3):
 PSYoungGen      total 7680K, used 7438K [0x00000000d5580000, 0x00000000d6000000, 0x0000000100000000)
  eden space 6656K, 96% used [0x00000000d5580000,0x00000000d5bc5470,0x00000000d5c00000)
  from space 1024K, 99% used [0x00000000d5c00000,0x00000000d5cfe4b0,0x00000000d5d00000)
  to   space 2048K, 0% used [0x00000000d5e00000,0x00000000d5e00000,0x00000000d6000000)
 ParOldGen       total 88576K, used 88418K [0x0000000080000000, 0x0000000085680000, 0x00000000d5580000)
  object space 88576K, 99% used [0x0000000080000000,0x0000000085658a90,0x0000000085680000)
 Metaspace       used 67110K, committed 68608K, reserved 1114112K
  class space    used 6991K, committed 7616K, reserved 1048576K
}
Event: 22.520 GC heap after
{Heap after GC invocations=137 (full 3):
 PSYoungGen      total 7168K, used 480K [0x00000000d5580000, 0x00000000d5e80000, 0x0000000100000000)
  eden space 6656K, 0% used [0x00000000d5580000,0x00000000d5580000,0x00000000d5c00000)
  from space 512K, 93% used [0x00000000d5e00000,0x00000000d5e78000,0x00000000d5e80000)
  to   space 1024K, 0% used [0x00000000d5c80000,0x00000000d5c80000,0x00000000d5d80000)
 ParOldGen       total 89088K, used 88967K [0x0000000080000000, 0x0000000085700000, 0x00000000d5580000)
  object space 89088K, 99% used [0x0000000080000000,0x00000000856e1ec8,0x0000000085700000)
 Metaspace       used 67110K, committed 68608K, reserved 1114112K
  class space    used 6991K, committed 7616K, reserved 1048576K
}
Event: 22.641 GC heap before
{Heap before GC invocations=138 (full 3):
 PSYoungGen      total 7168K, used 7136K [0x00000000d5580000, 0x00000000d5e80000, 0x0000000100000000)
  eden space 6656K, 100% used [0x00000000d5580000,0x00000000d5c00000,0x00000000d5c00000)
  from space 512K, 93% used [0x00000000d5e00000,0x00000000d5e78000,0x00000000d5e80000)
  to   space 1024K, 0% used [0x00000000d5c80000,0x00000000d5c80000,0x00000000d5d80000)
 ParOldGen       total 89088K, used 88967K [0x0000000080000000, 0x0000000085700000, 0x00000000d5580000)
  object space 89088K, 99% used [0x0000000080000000,0x00000000856e1ec8,0x0000000085700000)
 Metaspace       used 67141K, committed 68608K, reserved 1114112K
  class space    used 6994K, committed 7616K, reserved 1048576K
}
Event: 22.647 GC heap after
{Heap after GC invocations=138 (full 3):
 PSYoungGen      total 7680K, used 992K [0x00000000d5580000, 0x00000000d6a00000, 0x0000000100000000)
  eden space 6656K, 0% used [0x00000000d5580000,0x00000000d5580000,0x00000000d5c00000)
  from space 1024K, 96% used [0x00000000d5c80000,0x00000000d5d78010,0x00000000d5d80000)
  to   space 7168K, 0% used [0x00000000d6300000,0x00000000d6300000,0x00000000d6a00000)
 ParOldGen       total 94208K, used 93747K [0x0000000080000000, 0x0000000085c00000, 0x00000000d5580000)
  object space 94208K, 99% used [0x0000000080000000,0x0000000085b8cdf0,0x0000000085c00000)
 Metaspace       used 67141K, committed 68608K, reserved 1114112K
  class space    used 6994K, committed 7616K, reserved 1048576K
}
Event: 22.903 GC heap before
{Heap before GC invocations=139 (full 3):
 PSYoungGen      total 7680K, used 7648K [0x00000000d5580000, 0x00000000d6a00000, 0x0000000100000000)
  eden space 6656K, 100% used [0x00000000d5580000,0x00000000d5c00000,0x00000000d5c00000)
  from space 1024K, 96% used [0x00000000d5c80000,0x00000000d5d78010,0x00000000d5d80000)
  to   space 7168K, 0% used [0x00000000d6300000,0x00000000d6300000,0x00000000d6a00000)
 ParOldGen       total 94208K, used 93747K [0x0000000080000000, 0x0000000085c00000, 0x00000000d5580000)
  object space 94208K, 99% used [0x0000000080000000,0x0000000085b8cdf0,0x0000000085c00000)
 Metaspace       used 67417K, committed 68928K, reserved 1114112K
  class space    used 7042K, committed 7680K, reserved 1048576K
}
Event: 22.906 GC heap after
{Heap after GC invocations=139 (full 3):
 PSYoungGen      total 7680K, used 928K [0x00000000d5580000, 0x00000000d6400000, 0x0000000100000000)
  eden space 6656K, 0% used [0x00000000d5580000,0x00000000d5580000,0x00000000d5c00000)
  from space 1024K, 90% used [0x00000000d6300000,0x00000000d63e8000,0x00000000d6400000)
  to   space 3072K, 0% used [0x00000000d5e00000,0x00000000d5e00000,0x00000000d6100000)
 ParOldGen       total 95232K, used 94787K [0x0000000080000000, 0x0000000085d00000, 0x00000000d5580000)
  object space 95232K, 99% used [0x0000000080000000,0x0000000085c90e00,0x0000000085d00000)
 Metaspace       used 67417K, committed 68928K, reserved 1114112K
  class space    used 7042K, committed 7680K, reserved 1048576K
}
Event: 23.039 GC heap before
{Heap before GC invocations=140 (full 3):
 PSYoungGen      total 7680K, used 7578K [0x00000000d5580000, 0x00000000d6400000, 0x0000000100000000)
  eden space 6656K, 99% used [0x00000000d5580000,0x00000000d5bfea50,0x00000000d5c00000)
  from space 1024K, 90% used [0x00000000d6300000,0x00000000d63e8000,0x00000000d6400000)
  to   space 3072K, 0% used [0x00000000d5e00000,0x00000000d5e00000,0x00000000d6100000)
 ParOldGen       total 95232K, used 94787K [0x0000000080000000, 0x0000000085d00000, 0x00000000d5580000)
  object space 95232K, 99% used [0x0000000080000000,0x0000000085c90e00,0x0000000085d00000)
 Metaspace       used 67666K, committed 69120K, reserved 1114112K
  class space    used 7074K, committed 7680K, reserved 1048576K
}
Event: 23.042 GC heap after
{Heap after GC invocations=140 (full 3):
 PSYoungGen      total 9728K, used 864K [0x00000000d5580000, 0x00000000d6380000, 0x0000000100000000)
  eden space 6656K, 0% used [0x00000000d5580000,0x00000000d5580000,0x00000000d5c00000)
  from space 3072K, 28% used [0x00000000d5e00000,0x00000000d5ed8000,0x00000000d6100000)
  to   space 1536K, 0% used [0x00000000d6200000,0x00000000d6200000,0x00000000d6380000)
 ParOldGen       total 95744K, used 95403K [0x0000000080000000, 0x0000000085d80000, 0x00000000d5580000)
  object space 95744K, 99% used [0x0000000080000000,0x0000000085d2ae00,0x0000000085d80000)
 Metaspace       used 67666K, committed 69120K, reserved 1114112K
  class space    used 7074K, committed 7680K, reserved 1048576K
}
Event: 23.215 GC heap before
{Heap before GC invocations=141 (full 3):
 PSYoungGen      total 9728K, used 7520K [0x00000000d5580000, 0x00000000d6380000, 0x0000000100000000)
  eden space 6656K, 100% used [0x00000000d5580000,0x00000000d5c00000,0x00000000d5c00000)
  from space 3072K, 28% used [0x00000000d5e00000,0x00000000d5ed8000,0x00000000d6100000)
  to   space 1536K, 0% used [0x00000000d6200000,0x00000000d6200000,0x00000000d6380000)
 ParOldGen       total 95744K, used 95403K [0x0000000080000000, 0x0000000085d80000, 0x00000000d5580000)
  object space 95744K, 99% used [0x0000000080000000,0x0000000085d2ae00,0x0000000085d80000)
 Metaspace       used 67927K, committed 69440K, reserved 1114112K
  class space    used 7106K, committed 7744K, reserved 1048576K
}
Event: 23.218 GC heap after
{Heap after GC invocations=141 (full 3):
 PSYoungGen      total 7680K, used 640K [0x00000000d5580000, 0x00000000d6300000, 0x0000000100000000)
  eden space 6656K, 0% used [0x00000000d5580000,0x00000000d5580000,0x00000000d5c00000)
  from space 1024K, 62% used [0x00000000d6200000,0x00000000d62a0000,0x00000000d6300000)
  to   space 1024K, 0% used [0x00000000d6100000,0x00000000d6100000,0x00000000d6200000)
 ParOldGen       total 96256K, used 95843K [0x0000000080000000, 0x0000000085e00000, 0x00000000d5580000)
  object space 96256K, 99% used [0x0000000080000000,0x0000000085d98e00,0x0000000085e00000)
 Metaspace       used 67927K, committed 69440K, reserved 1114112K
  class space    used 7106K, committed 7744K, reserved 1048576K
}
Event: 23.765 GC heap before
{Heap before GC invocations=142 (full 3):
 PSYoungGen      total 7680K, used 7295K [0x00000000d5580000, 0x00000000d6300000, 0x0000000100000000)
  eden space 6656K, 99% used [0x00000000d5580000,0x00000000d5bfff40,0x00000000d5c00000)
  from space 1024K, 62% used [0x00000000d6200000,0x00000000d62a0000,0x00000000d6300000)
  to   space 1024K, 0% used [0x00000000d6100000,0x00000000d6100000,0x00000000d6200000)
 ParOldGen       total 96256K, used 95843K [0x0000000080000000, 0x0000000085e00000, 0x00000000d5580000)
  object space 96256K, 99% used [0x0000000080000000,0x0000000085d98e00,0x0000000085e00000)
 Metaspace       used 68443K, committed 70016K, reserved 1114112K
  class space    used 7169K, committed 7808K, reserved 1048576K
}
Event: 23.768 GC heap after
{Heap after GC invocations=142 (full 3):
 PSYoungGen      total 7680K, used 384K [0x00000000d5580000, 0x00000000d6280000, 0x0000000100000000)
  eden space 6656K, 0% used [0x00000000d5580000,0x00000000d5580000,0x00000000d5c00000)
  from space 1024K, 37% used [0x00000000d6100000,0x00000000d6160000,0x00000000d6200000)
  to   space 512K, 0% used [0x00000000d6200000,0x00000000d6200000,0x00000000d6280000)
 ParOldGen       total 96768K, used 96281K [0x0000000080000000, 0x0000000085e80000, 0x00000000d5580000)
  object space 96768K, 99% used [0x0000000080000000,0x0000000085e06668,0x0000000085e80000)
 Metaspace       used 68443K, committed 70016K, reserved 1114112K
  class space    used 7169K, committed 7808K, reserved 1048576K
}
Event: 318.122 GC heap before
{Heap before GC invocations=143 (full 3):
 PSYoungGen      total 7680K, used 7036K [0x00000000d5580000, 0x00000000d6280000, 0x0000000100000000)
  eden space 6656K, 99% used [0x00000000d5580000,0x00000000d5bff190,0x00000000d5c00000)
  from space 1024K, 37% used [0x00000000d6100000,0x00000000d6160000,0x00000000d6200000)
  to   space 512K, 0% used [0x00000000d6200000,0x00000000d6200000,0x00000000d6280000)
 ParOldGen       total 96768K, used 96281K [0x0000000080000000, 0x0000000085e80000, 0x00000000d5580000)
  object space 96768K, 99% used [0x0000000080000000,0x0000000085e06668,0x0000000085e80000)
 Metaspace       used 68962K, committed 70528K, reserved 1114112K
  class space    used 7219K, committed 7872K, reserved 1048576K
}
Event: 318.183 GC heap after
{Heap after GC invocations=143 (full 3):
 PSYoungGen      total 7168K, used 481K [0x00000000d5580000, 0x00000000d6280000, 0x0000000100000000)
  eden space 6656K, 0% used [0x00000000d5580000,0x00000000d5580000,0x00000000d5c00000)
  from space 512K, 94% used [0x00000000d6200000,0x00000000d6278540,0x00000000d6280000)
  to   space 512K, 0% used [0x00000000d6180000,0x00000000d6180000,0x00000000d6200000)
 ParOldGen       total 96768K, used 96537K [0x0000000080000000, 0x0000000085e80000, 0x00000000d5580000)
  object space 96768K, 99% used [0x0000000080000000,0x0000000085e46668,0x0000000085e80000)
 Metaspace       used 68962K, committed 70528K, reserved 1114112K
  class space    used 7219K, committed 7872K, reserved 1048576K
}

