# JRE version: OpenJDK Runtime Environment Temurin-21.0.11+10 (21.0.11+10) (build 21.0.11+10-LTS)
# Java VM: OpenJDK 64-Bit Server VM Temurin-21.0.11+10 (21.0.11+10-LTS, mixed mode, sharing, tiered, compressed oops, compressed class ptrs, parallel gc, windows-amd64)
GC Precious Log:
 CardTable entry size: 512
 CPUs: 16 total, 16 available
 Memory: 7501M
 Large Page Support: Disabled
 NUMA Support: Disabled
 Compressed Oops: Enabled (32-bit)
 Alignments: Space 512K, Generation 512K, Heap 2M
 Heap Min Capacity: 100M
 Heap Initial Capacity: 100M
 Heap Max Capacity: 2G
 Pre-touch: Disabled
 Parallel Workers: 13
Heap:
 PSYoungGen      total 5120K, used 3084K [0x00000000d5580000, 0x00000000d5c00000, 0x0000000100000000)
  eden space 3584K, 76% used [0x00000000d5580000,0x00000000d582a0a8,0x00000000d5900000)
  from space 1536K, 23% used [0x00000000d5900000,0x00000000d5959210,0x00000000d5a80000)
  to   space 1024K, 0% used [0x00000000d5b00000,0x00000000d5b00000,0x00000000d5c00000)
 ParOldGen       total 372224K, used 371999K [0x0000000080000000, 0x0000000096b80000, 0x00000000d5580000)
  object space 372224K, 99% used [0x0000000080000000,0x0000000096b47d08,0x0000000096b80000)
 Metaspace       used 83079K, committed 84928K, reserved 1179648K
  class space    used 8509K, committed 9344K, reserved 1048576K
GC Heap History (20 events):
Event: 1812.897 GC heap after
{Heap after GC invocations=537 (full 4):
 PSYoungGen      total 4608K, used 474K [0x00000000d5580000, 0x00000000d5b80000, 0x0000000100000000)
  eden space 4096K, 0% used [0x00000000d5580000,0x00000000d5580000,0x00000000d5980000)
  from space 512K, 92% used [0x00000000d5a80000,0x00000000d5af6900,0x00000000d5b00000)
  to   space 512K, 0% used [0x00000000d5b00000,0x00000000d5b00000,0x00000000d5b80000)
 ParOldGen       total 369664K, used 369353K [0x0000000080000000, 0x0000000096900000, 0x00000000d5580000)
  object space 369664K, 99% used [0x0000000080000000,0x00000000968b2708,0x0000000096900000)
 Metaspace       used 83039K, committed 84864K, reserved 1179648K
  class space    used 8509K, committed 9344K, reserved 1048576K
}
Event: 1812.924 GC heap before
{Heap before GC invocations=538 (full 4):
 PSYoungGen      total 4608K, used 4570K [0x00000000d5580000, 0x00000000d5b80000, 0x0000000100000000)
  eden space 4096K, 100% used [0x00000000d5580000,0x00000000d5980000,0x00000000d5980000)
  from space 512K, 92% used [0x00000000d5a80000,0x00000000d5af6900,0x00000000d5b00000)
  to   space 512K, 0% used [0x00000000d5b00000,0x00000000d5b00000,0x00000000d5b80000)
 ParOldGen       total 369664K, used 369353K [0x0000000080000000, 0x0000000096900000, 0x00000000d5580000)
  object space 369664K, 99% used [0x0000000080000000,0x00000000968b2708,0x0000000096900000)
 Metaspace       used 83039K, committed 84864K, reserved 1179648K
  class space    used 8509K, committed 9344K, reserved 1048576K
}
Event: 1812.927 GC heap after
{Heap after GC invocations=538 (full 4):
 PSYoungGen      total 4608K, used 288K [0x00000000d5580000, 0x00000000d5b80000, 0x0000000100000000)
  eden space 4096K, 0% used [0x00000000d5580000,0x00000000d5580000,0x00000000d5980000)
  from space 512K, 56% used [0x00000000d5b00000,0x00000000d5b48000,0x00000000d5b80000)
  to   space 512K, 0% used [0x00000000d5a80000,0x00000000d5a80000,0x00000000d5b00000)
 ParOldGen       total 369664K, used 369402K [0x0000000080000000, 0x0000000096900000, 0x00000000d5580000)
  object space 369664K, 99% used [0x0000000080000000,0x00000000968beb18,0x0000000096900000)
 Metaspace       used 83039K, committed 84864K, reserved 1179648K
  class space    used 8509K, committed 9344K, reserved 1048576K
}
Event: 1812.981 GC heap before
{Heap before GC invocations=539 (full 4):
 PSYoungGen      total 4608K, used 4384K [0x00000000d5580000, 0x00000000d5b80000, 0x0000000100000000)
  eden space 4096K, 100% used [0x00000000d5580000,0x00000000d5980000,0x00000000d5980000)
  from space 512K, 56% used [0x00000000d5b00000,0x00000000d5b48000,0x00000000d5b80000)
  to   space 512K, 0% used [0x00000000d5a80000,0x00000000d5a80000,0x00000000d5b00000)
 ParOldGen       total 369664K, used 369402K [0x0000000080000000, 0x0000000096900000, 0x00000000d5580000)
  object space 369664K, 99% used [0x0000000080000000,0x00000000968beb18,0x0000000096900000)
 Metaspace       used 83045K, committed 84864K, reserved 1179648K
  class space    used 8509K, committed 9344K, reserved 1048576K
}
Event: 1812.983 GC heap after
{Heap after GC invocations=539 (full 4):
 PSYoungGen      total 4608K, used 506K [0x00000000d5580000, 0x00000000d5b80000, 0x0000000100000000)
  eden space 4096K, 0% used [0x00000000d5580000,0x00000000d5580000,0x00000000d5980000)
  from space 512K, 98% used [0x00000000d5a80000,0x00000000d5afe900,0x00000000d5b00000)
  to   space 512K, 0% used [0x00000000d5b00000,0x00000000d5b00000,0x00000000d5b80000)
 ParOldGen       total 369664K, used 369633K [0x0000000080000000, 0x0000000096900000, 0x00000000d5580000)
  object space 369664K, 99% used [0x0000000080000000,0x00000000968f86c0,0x0000000096900000)
 Metaspace       used 83045K, committed 84864K, reserved 1179648K
  class space    used 8509K, committed 9344K, reserved 1048576K
}
Event: 1813.027 GC heap before
{Heap before GC invocations=540 (full 4):
 PSYoungGen      total 4608K, used 4602K [0x00000000d5580000, 0x00000000d5b80000, 0x0000000100000000)
  eden space 4096K, 99% used [0x00000000d5580000,0x00000000d597ffe0,0x00000000d5980000)
  from space 512K, 98% used [0x00000000d5a80000,0x00000000d5afe900,0x00000000d5b00000)
  to   space 512K, 0% used [0x00000000d5b00000,0x00000000d5b00000,0x00000000d5b80000)
 ParOldGen       total 369664K, used 369633K [0x0000000080000000, 0x0000000096900000, 0x00000000d5580000)
  object space 369664K, 99% used [0x0000000080000000,0x00000000968f86c0,0x0000000096900000)
 Metaspace       used 83045K, committed 84864K, reserved 1179648K
  class space    used 8509K, committed 9344K, reserved 1048576K
}
Event: 1813.029 GC heap after
{Heap after GC invocations=540 (full 4):
 PSYoungGen      total 4608K, used 420K [0x00000000d5580000, 0x00000000d5b80000, 0x0000000100000000)
  eden space 4096K, 0% used [0x00000000d5580000,0x00000000d5580000,0x00000000d5980000)
  from space 512K, 82% used [0x00000000d5b00000,0x00000000d5b69210,0x00000000d5b80000)
  to   space 1024K, 0% used [0x00000000d5980000,0x00000000d5980000,0x00000000d5a80000)
 ParOldGen       total 370176K, used 370073K [0x0000000080000000, 0x0000000096980000, 0x00000000d5580000)
  object space 370176K, 99% used [0x0000000080000000,0x00000000969666f8,0x0000000096980000)
 Metaspace       used 83045K, committed 84864K, reserved 1179648K
  class space    used 8509K, committed 9344K, reserved 1048576K
}
Event: 1813.195 GC heap before
{Heap before GC invocations=541 (full 4):
 PSYoungGen      total 4608K, used 4516K [0x00000000d5580000, 0x00000000d5b80000, 0x0000000100000000)
  eden space 4096K, 100% used [0x00000000d5580000,0x00000000d5980000,0x00000000d5980000)
  from space 512K, 82% used [0x00000000d5b00000,0x00000000d5b69210,0x00000000d5b80000)
  to   space 1024K, 0% used [0x00000000d5980000,0x00000000d5980000,0x00000000d5a80000)
 ParOldGen       total 370176K, used 370073K [0x0000000080000000, 0x0000000096980000, 0x00000000d5580000)
  object space 370176K, 99% used [0x0000000080000000,0x00000000969666f8,0x0000000096980000)
 Metaspace       used 83045K, committed 84864K, reserved 1179648K
  class space    used 8509K, committed 9344K, reserved 1048576K
}
Event: 1813.198 GC heap after
{Heap after GC invocations=541 (full 4):
 PSYoungGen      total 5120K, used 841K [0x00000000d5580000, 0x00000000d5b80000, 0x0000000100000000)
  eden space 4096K, 0% used [0x00000000d5580000,0x00000000d5580000,0x00000000d5980000)
  from space 1024K, 82% used [0x00000000d5980000,0x00000000d5a52400,0x00000000d5a80000)
  to   space 1024K, 0% used [0x00000000d5a80000,0x00000000d5a80000,0x00000000d5b80000)
 ParOldGen       total 370176K, used 370153K [0x0000000080000000, 0x0000000096980000, 0x00000000d5580000)
  object space 370176K, 99% used [0x0000000080000000,0x000000009697a6f8,0x0000000096980000)
 Metaspace       used 83045K, committed 84864K, reserved 1179648K
  class space    used 8509K, committed 9344K, reserved 1048576K
}
Event: 1813.403 GC heap before
{Heap before GC invocations=542 (full 4):
 PSYoungGen      total 5120K, used 4937K [0x00000000d5580000, 0x00000000d5b80000, 0x0000000100000000)
  eden space 4096K, 100% used [0x00000000d5580000,0x00000000d5980000,0x00000000d5980000)
  from space 1024K, 82% used [0x00000000d5980000,0x00000000d5a52400,0x00000000d5a80000)
  to   space 1024K, 0% used [0x00000000d5a80000,0x00000000d5a80000,0x00000000d5b80000)
 ParOldGen       total 370176K, used 370153K [0x0000000080000000, 0x0000000096980000, 0x00000000d5580000)
  object space 370176K, 99% used [0x0000000080000000,0x000000009697a6f8,0x0000000096980000)
 Metaspace       used 83048K, committed 84864K, reserved 1179648K
  class space    used 8509K, committed 9344K, reserved 1048576K
}
Event: 1813.406 GC heap after
{Heap after GC invocations=542 (full 4):
 PSYoungGen      total 5120K, used 842K [0x00000000d5580000, 0x00000000d5b80000, 0x0000000100000000)
  eden space 4096K, 0% used [0x00000000d5580000,0x00000000d5580000,0x00000000d5980000)
  from space 1024K, 82% used [0x00000000d5a80000,0x00000000d5b52910,0x00000000d5b80000)
  to   space 1024K, 0% used [0x00000000d5980000,0x00000000d5980000,0x00000000d5a80000)
 ParOldGen       total 370176K, used 370169K [0x0000000080000000, 0x0000000096980000, 0x00000000d5580000)
  object space 370176K, 99% used [0x0000000080000000,0x000000009697e6f8,0x0000000096980000)
 Metaspace       used 83048K, committed 84864K, reserved 1179648K
  class space    used 8509K, committed 9344K, reserved 1048576K
}
Event: 1813.521 GC heap before
{Heap before GC invocations=543 (full 4):
 PSYoungGen      total 5120K, used 4938K [0x00000000d5580000, 0x00000000d5b80000, 0x0000000100000000)
  eden space 4096K, 100% used [0x00000000d5580000,0x00000000d5980000,0x00000000d5980000)
  from space 1024K, 82% used [0x00000000d5a80000,0x00000000d5b52910,0x00000000d5b80000)
  to   space 1024K, 0% used [0x00000000d5980000,0x00000000d5980000,0x00000000d5a80000)
 ParOldGen       total 370176K, used 370169K [0x0000000080000000, 0x0000000096980000, 0x00000000d5580000)
  object space 370176K, 99% used [0x0000000080000000,0x000000009697e6f8,0x0000000096980000)
 Metaspace       used 83048K, committed 84864K, reserved 1179648K
  class space    used 8509K, committed 9344K, reserved 1048576K
}
Event: 1813.524 GC heap after
{Heap after GC invocations=543 (full 4):
 PSYoungGen      total 5120K, used 384K [0x00000000d5580000, 0x00000000d5b80000, 0x0000000100000000)
  eden space 4096K, 0% used [0x00000000d5580000,0x00000000d5580000,0x00000000d5980000)
  from space 1024K, 37% used [0x00000000d5980000,0x00000000d59e0000,0x00000000d5a80000)
  to   space 1024K, 0% used [0x00000000d5a80000,0x00000000d5a80000,0x00000000d5b80000)
 ParOldGen       total 370688K, used 370662K [0x0000000080000000, 0x0000000096a00000, 0x00000000d5580000)
  object space 370688K, 99% used [0x0000000080000000,0x00000000969f98f8,0x0000000096a00000)
 Metaspace       used 83048K, committed 84864K, reserved 1179648K
  class space    used 8509K, committed 9344K, reserved 1048576K
}
Event: 1813.781 GC heap before
{Heap before GC invocations=544 (full 4):
 PSYoungGen      total 5120K, used 4480K [0x00000000d5580000, 0x00000000d5b80000, 0x0000000100000000)
  eden space 4096K, 100% used [0x00000000d5580000,0x00000000d5980000,0x00000000d5980000)
  from space 1024K, 37% used [0x00000000d5980000,0x00000000d59e0000,0x00000000d5a80000)
  to   space 1024K, 0% used [0x00000000d5a80000,0x00000000d5a80000,0x00000000d5b80000)
 ParOldGen       total 370688K, used 370662K [0x0000000080000000, 0x0000000096a00000, 0x00000000d5580000)
  object space 370688K, 99% used [0x0000000080000000,0x00000000969f98f8,0x0000000096a00000)
 Metaspace       used 83055K, committed 84864K, reserved 1179648K
  class space    used 8509K, committed 9344K, reserved 1048576K
}
Event: 1813.783 GC heap after
{Heap after GC invocations=544 (full 4):
 PSYoungGen      total 5120K, used 809K [0x00000000d5580000, 0x00000000d5b80000, 0x0000000100000000)
  eden space 4096K, 0% used [0x00000000d5580000,0x00000000d5580000,0x00000000d5980000)
  from space 1024K, 79% used [0x00000000d5a80000,0x00000000d5b4a400,0x00000000d5b80000)
  to   space 1024K, 0% used [0x00000000d5980000,0x00000000d5980000,0x00000000d5a80000)
 ParOldGen       total 371200K, used 370742K [0x0000000080000000, 0x0000000096a80000, 0x00000000d5580000)
  object space 371200K, 99% used [0x0000000080000000,0x0000000096a0d8f8,0x0000000096a80000)
 Metaspace       used 83055K, committed 84864K, reserved 1179648K
  class space    used 8509K, committed 9344K, reserved 1048576K
}
Event: 1813.933 GC heap before
{Heap before GC invocations=545 (full 4):
 PSYoungGen      total 5120K, used 4905K [0x00000000d5580000, 0x00000000d5b80000, 0x0000000100000000)
  eden space 4096K, 100% used [0x00000000d5580000,0x00000000d5980000,0x00000000d5980000)
  from space 1024K, 79% used [0x00000000d5a80000,0x00000000d5b4a400,0x00000000d5b80000)
  to   space 1024K, 0% used [0x00000000d5980000,0x00000000d5980000,0x00000000d5a80000)
 ParOldGen       total 371200K, used 370742K [0x0000000080000000, 0x0000000096a80000, 0x00000000d5580000)
  object space 371200K, 99% used [0x0000000080000000,0x0000000096a0d8f8,0x0000000096a80000)
 Metaspace       used 83057K, committed 84864K, reserved 1179648K
  class space    used 8509K, committed 9344K, reserved 1048576K
}
Event: 1813.935 GC heap after
{Heap after GC invocations=545 (full 4):
 PSYoungGen      total 5120K, used 352K [0x00000000d5580000, 0x00000000d5b80000, 0x0000000100000000)
  eden space 4096K, 0% used [0x00000000d5580000,0x00000000d5580000,0x00000000d5980000)
  from space 1024K, 34% used [0x00000000d5980000,0x00000000d59d8000,0x00000000d5a80000)
  to   space 1024K, 0% used [0x00000000d5a80000,0x00000000d5a80000,0x00000000d5b80000)
 ParOldGen       total 371200K, used 370766K [0x0000000080000000, 0x0000000096a80000, 0x00000000d5580000)
  object space 371200K, 99% used [0x0000000080000000,0x0000000096a138f8,0x0000000096a80000)
 Metaspace       used 83057K, committed 84864K, reserved 1179648K
  class space    used 8509K, committed 9344K, reserved 1048576K
}
Event: 1814.118 GC heap before
{Heap before GC invocations=546 (full 4):
 PSYoungGen      total 5120K, used 4448K [0x00000000d5580000, 0x00000000d5b80000, 0x0000000100000000)
  eden space 4096K, 100% used [0x00000000d5580000,0x00000000d5980000,0x00000000d5980000)
  from space 1024K, 34% used [0x00000000d5980000,0x00000000d59d8000,0x00000000d5a80000)
  to   space 1024K, 0% used [0x00000000d5a80000,0x00000000d5a80000,0x00000000d5b80000)
 ParOldGen       total 371200K, used 370766K [0x0000000080000000, 0x0000000096a80000, 0x00000000d5580000)
  object space 371200K, 99% used [0x0000000080000000,0x0000000096a138f8,0x0000000096a80000)
 Metaspace       used 83078K, committed 84928K, reserved 1179648K
  class space    used 8509K, committed 9344K, reserved 1048576K
}
Event: 1814.120 GC heap after
{Heap after GC invocations=546 (full 4):
 PSYoungGen      total 4608K, used 1024K [0x00000000d5580000, 0x00000000d5c80000, 0x0000000100000000)
  eden space 3584K, 0% used [0x00000000d5580000,0x00000000d5580000,0x00000000d5900000)
  from space 1024K, 100% used [0x00000000d5a80000,0x00000000d5b80000,0x00000000d5b80000)
  to   space 1536K, 0% used [0x00000000d5900000,0x00000000d5900000,0x00000000d5a80000)
 ParOldGen       total 371200K, used 371031K [0x0000000080000000, 0x0000000096a80000, 0x00000000d5580000)
  object space 371200K, 99% used [0x0000000080000000,0x0000000096a55cf8,0x0000000096a80000)
 Metaspace       used 83078K, committed 84928K, reserved 1179648K
  class space    used 8509K, committed 9344K, reserved 1048576K
}
Event: 1814.306 GC heap before
{Heap before GC invocations=547 (full 4):
 PSYoungGen      total 4608K, used 4608K [0x00000000d5580000, 0x00000000d5c80000, 0x0000000100000000)
  eden space 3584K, 100% used [0x00000000d5580000,0x00000000d5900000,0x00000000d5900000)
  from space 1024K, 100% used [0x00000000d5a80000,0x00000000d5b80000,0x00000000d5b80000)
  to   space 1536K, 0% used [0x00000000d5900000,0x00000000d5900000,0x00000000d5a80000)
 ParOldGen       total 371200K, used 371031K [0x0000000080000000, 0x0000000096a80000, 0x00000000d5580000)
  object space 371200K, 99% used [0x0000000080000000,0x0000000096a55cf8,0x0000000096a80000)
 Metaspace       used 83078K, committed 84928K, reserved 1179648K
  class space    used 8509K, committed 9344K, reserved 1048576K
}

