# JRE version: OpenJDK Runtime Environment Temurin-21.0.11+10 (21.0.11+10) (build 21.0.11+10-LTS)
# Java VM: OpenJDK 64-Bit Server VM Temurin-21.0.11+10 (21.0.11+10-LTS, mixed mode, sharing, tiered, compressed oops, compressed class ptrs, parallel gc, windows-amd64)
GC Precious Log:
 CardTable entry size: 512
 CPUs: 16 total, 16 available
 Memory: 7501M
 Large Page Support: Disabled
 NUMA Support: Disabled
 Compressed Oops: Enabled (32-bit)
 Alignments: Space 512K, Generation 512K, Heap 2M
 Heap Min Capacity: 100M
 Heap Initial Capacity: 100M
 Heap Max Capacity: 2G
 Pre-touch: Disabled
 Parallel Workers: 13
Heap:
 PSYoungGen      total 23040K, used 22748K [0x00000000d5580000, 0x00000000d6e00000, 0x0000000100000000)
  eden space 20992K, 100% used [0x00000000d5580000,0x00000000d6a00000,0x00000000d6a00000)
  from space 2048K, 85% used [0x00000000d6c00000,0x00000000d6db7130,0x00000000d6e00000)
  to   space 2048K, 36% used [0x00000000d6a00000,0x00000000d6abc0b0,0x00000000d6c00000)
 ParOldGen       total 76800K, used 76795K [0x0000000080000000, 0x0000000084b00000, 0x00000000d5580000)
  object space 76800K, 99% used [0x0000000080000000,0x0000000084afec10,0x0000000084b00000)
 Metaspace       used 62854K, committed 64384K, reserved 1114112K
  class space    used 6758K, committed 7424K, reserved 1048576K
GC Heap History (20 events):
Event: 41.398 GC heap after
{Heap after GC invocations=54 (full 3):
 PSYoungGen      total 22528K, used 1111K [0x00000000d5580000, 0x00000000d6d80000, 0x0000000100000000)
  eden space 20992K, 0% used [0x00000000d5580000,0x00000000d5580000,0x00000000d6a00000)
  from space 1536K, 72% used [0x00000000d6b00000,0x00000000d6c15e08,0x00000000d6c80000)
  to   space 1024K, 0% used [0x00000000d6c80000,0x00000000d6c80000,0x00000000d6d80000)
 ParOldGen       total 70656K, used 66919K [0x0000000080000000, 0x0000000084500000, 0x00000000d5580000)
  object space 70656K, 94% used [0x0000000080000000,0x0000000084159ec8,0x0000000084500000)
 Metaspace       used 61283K, committed 62720K, reserved 1114112K
  class space    used 6588K, committed 7232K, reserved 1048576K
}
Event: 41.782 GC heap before
{Heap before GC invocations=55 (full 3):
 PSYoungGen      total 22528K, used 22103K [0x00000000d5580000, 0x00000000d6d80000, 0x0000000100000000)
  eden space 20992K, 100% used [0x00000000d5580000,0x00000000d6a00000,0x00000000d6a00000)
  from space 1536K, 72% used [0x00000000d6b00000,0x00000000d6c15e08,0x00000000d6c80000)
  to   space 1024K, 0% used [0x00000000d6c80000,0x00000000d6c80000,0x00000000d6d80000)
 ParOldGen       total 70656K, used 66919K [0x0000000080000000, 0x0000000084500000, 0x00000000d5580000)
  object space 70656K, 94% used [0x0000000080000000,0x0000000084159ec8,0x0000000084500000)
 Metaspace       used 61811K, committed 63296K, reserved 1114112K
  class space    used 6642K, committed 7296K, reserved 1048576K
}
Event: 41.785 GC heap after
{Heap after GC invocations=55 (full 3):
 PSYoungGen      total 22016K, used 991K [0x00000000d5580000, 0x00000000d6d80000, 0x0000000100000000)
  eden space 20992K, 0% used [0x00000000d5580000,0x00000000d5580000,0x00000000d6a00000)
  from space 1024K, 96% used [0x00000000d6c80000,0x00000000d6d77c18,0x00000000d6d80000)
  to   space 1536K, 0% used [0x00000000d6a80000,0x00000000d6a80000,0x00000000d6c00000)
 ParOldGen       total 70656K, used 67383K [0x0000000080000000, 0x0000000084500000, 0x00000000d5580000)
  object space 70656K, 95% used [0x0000000080000000,0x00000000841cde18,0x0000000084500000)
 Metaspace       used 61811K, committed 63296K, reserved 1114112K
  class space    used 6642K, committed 7296K, reserved 1048576K
}
Event: 42.083 GC heap before
{Heap before GC invocations=56 (full 3):
 PSYoungGen      total 22016K, used 21983K [0x00000000d5580000, 0x00000000d6d80000, 0x0000000100000000)
  eden space 20992K, 100% used [0x00000000d5580000,0x00000000d6a00000,0x00000000d6a00000)
  from space 1024K, 96% used [0x00000000d6c80000,0x00000000d6d77c18,0x00000000d6d80000)
  to   space 1536K, 0% used [0x00000000d6a80000,0x00000000d6a80000,0x00000000d6c00000)
 ParOldGen       total 70656K, used 67383K [0x0000000080000000, 0x0000000084500000, 0x00000000d5580000)
  object space 70656K, 95% used [0x0000000080000000,0x00000000841cde18,0x0000000084500000)
 Metaspace       used 61999K, committed 63488K, reserved 1114112K
  class space    used 6661K, committed 7296K, reserved 1048576K
}
Event: 42.088 GC heap after
{Heap after GC invocations=56 (full 3):
 PSYoungGen      total 22528K, used 1517K [0x00000000d5580000, 0x00000000d7100000, 0x0000000100000000)
  eden space 20992K, 0% used [0x00000000d5580000,0x00000000d5580000,0x00000000d6a00000)
  from space 1536K, 98% used [0x00000000d6a80000,0x00000000d6bfb6f0,0x00000000d6c00000)
  to   space 3584K, 0% used [0x00000000d6d80000,0x00000000d6d80000,0x00000000d7100000)
 ParOldGen       total 70656K, used 68657K [0x0000000080000000, 0x0000000084500000, 0x00000000d5580000)
  object space 70656K, 97% used [0x0000000080000000,0x000000008430c5c8,0x0000000084500000)
 Metaspace       used 61999K, committed 63488K, reserved 1114112K
  class space    used 6661K, committed 7296K, reserved 1048576K
}
Event: 42.165 GC heap before
{Heap before GC invocations=57 (full 3):
 PSYoungGen      total 22528K, used 22509K [0x00000000d5580000, 0x00000000d7100000, 0x0000000100000000)
  eden space 20992K, 100% used [0x00000000d5580000,0x00000000d6a00000,0x00000000d6a00000)
  from space 1536K, 98% used [0x00000000d6a80000,0x00000000d6bfb6f0,0x00000000d6c00000)
  to   space 3584K, 0% used [0x00000000d6d80000,0x00000000d6d80000,0x00000000d7100000)
 ParOldGen       total 70656K, used 68657K [0x0000000080000000, 0x0000000084500000, 0x00000000d5580000)
  object space 70656K, 97% used [0x0000000080000000,0x000000008430c5c8,0x0000000084500000)
 Metaspace       used 62073K, committed 63552K, reserved 1114112K
  class space    used 6669K, committed 7296K, reserved 1048576K
}
Event: 42.168 GC heap after
{Heap after GC invocations=57 (full 3):
 PSYoungGen      total 22016K, used 640K [0x00000000d5580000, 0x00000000d6e80000, 0x0000000100000000)
  eden space 20992K, 0% used [0x00000000d5580000,0x00000000d5580000,0x00000000d6a00000)
  from space 1024K, 62% used [0x00000000d6d80000,0x00000000d6e20000,0x00000000d6e80000)
  to   space 1536K, 0% used [0x00000000d6b80000,0x00000000d6b80000,0x00000000d6d00000)
 ParOldGen       total 70656K, used 70114K [0x0000000080000000, 0x0000000084500000, 0x00000000d5580000)
  object space 70656K, 99% used [0x0000000080000000,0x0000000084478b40,0x0000000084500000)
 Metaspace       used 62073K, committed 63552K, reserved 1114112K
  class space    used 6669K, committed 7296K, reserved 1048576K
}
Event: 42.243 GC heap before
{Heap before GC invocations=58 (full 3):
 PSYoungGen      total 22016K, used 21632K [0x00000000d5580000, 0x00000000d6e80000, 0x0000000100000000)
  eden space 20992K, 100% used [0x00000000d5580000,0x00000000d6a00000,0x00000000d6a00000)
  from space 1024K, 62% used [0x00000000d6d80000,0x00000000d6e20000,0x00000000d6e80000)
  to   space 1536K, 0% used [0x00000000d6b80000,0x00000000d6b80000,0x00000000d6d00000)
 ParOldGen       total 70656K, used 70114K [0x0000000080000000, 0x0000000084500000, 0x00000000d5580000)
  object space 70656K, 99% used [0x0000000080000000,0x0000000084478b40,0x0000000084500000)
 Metaspace       used 62219K, committed 63744K, reserved 1114112K
  class space    used 6687K, committed 7360K, reserved 1048576K
}
Event: 42.245 GC heap after
{Heap after GC invocations=58 (full 3):
 PSYoungGen      total 22528K, used 704K [0x00000000d5580000, 0x00000000d6e00000, 0x0000000100000000)
  eden space 20992K, 0% used [0x00000000d5580000,0x00000000d5580000,0x00000000d6a00000)
  from space 1536K, 45% used [0x00000000d6b80000,0x00000000d6c30000,0x00000000d6d00000)
  to   space 1024K, 0% used [0x00000000d6d00000,0x00000000d6d00000,0x00000000d6e00000)
 ParOldGen       total 70656K, used 70587K [0x0000000080000000, 0x0000000084500000, 0x00000000d5580000)
  object space 70656K, 99% used [0x0000000080000000,0x00000000844eecf0,0x0000000084500000)
 Metaspace       used 62219K, committed 63744K, reserved 1114112K
  class space    used 6687K, committed 7360K, reserved 1048576K
}
Event: 42.415 GC heap before
{Heap before GC invocations=59 (full 3):
 PSYoungGen      total 22528K, used 21696K [0x00000000d5580000, 0x00000000d6e00000, 0x0000000100000000)
  eden space 20992K, 100% used [0x00000000d5580000,0x00000000d6a00000,0x00000000d6a00000)
  from space 1536K, 45% used [0x00000000d6b80000,0x00000000d6c30000,0x00000000d6d00000)
  to   space 1024K, 0% used [0x00000000d6d00000,0x00000000d6d00000,0x00000000d6e00000)
 ParOldGen       total 70656K, used 70587K [0x0000000080000000, 0x0000000084500000, 0x00000000d5580000)
  object space 70656K, 99% used [0x0000000080000000,0x00000000844eecf0,0x0000000084500000)
 Metaspace       used 62377K, committed 63808K, reserved 1114112K
  class space    used 6709K, committed 7360K, reserved 1048576K
}
Event: 42.419 GC heap after
{Heap after GC invocations=59 (full 3):
 PSYoungGen      total 22016K, used 1016K [0x00000000d5580000, 0x00000000d6e00000, 0x0000000100000000)
  eden space 20992K, 0% used [0x00000000d5580000,0x00000000d5580000,0x00000000d6a00000)
  from space 1024K, 99% used [0x00000000d6d00000,0x00000000d6dfe0b0,0x00000000d6e00000)
  to   space 2048K, 0% used [0x00000000d6a00000,0x00000000d6a00000,0x00000000d6c00000)
 ParOldGen       total 71168K, used 71075K [0x0000000080000000, 0x0000000084580000, 0x00000000d5580000)
  object space 71168K, 99% used [0x0000000080000000,0x0000000084568cf0,0x0000000084580000)
 Metaspace       used 62377K, committed 63808K, reserved 1114112K
  class space    used 6709K, committed 7360K, reserved 1048576K
}
Event: 42.559 GC heap before
{Heap before GC invocations=60 (full 3):
 PSYoungGen      total 22016K, used 22008K [0x00000000d5580000, 0x00000000d6e00000, 0x0000000100000000)
  eden space 20992K, 100% used [0x00000000d5580000,0x00000000d6a00000,0x00000000d6a00000)
  from space 1024K, 99% used [0x00000000d6d00000,0x00000000d6dfe0b0,0x00000000d6e00000)
  to   space 2048K, 0% used [0x00000000d6a00000,0x00000000d6a00000,0x00000000d6c00000)
 ParOldGen       total 71168K, used 71075K [0x0000000080000000, 0x0000000084580000, 0x00000000d5580000)
  object space 71168K, 99% used [0x0000000080000000,0x0000000084568cf0,0x0000000084580000)
 Metaspace       used 62557K, committed 63936K, reserved 1114112K
  class space    used 6737K, committed 7360K, reserved 1048576K
}
Event: 42.566 GC heap after
{Heap after GC invocations=60 (full 3):
 PSYoungGen      total 23040K, used 1348K [0x00000000d5580000, 0x00000000d6d80000, 0x0000000100000000)
  eden space 20992K, 0% used [0x00000000d5580000,0x00000000d5580000,0x00000000d6a00000)
  from space 2048K, 65% used [0x00000000d6a00000,0x00000000d6b512f8,0x00000000d6c00000)
  to   space 1536K, 0% used [0x00000000d6c00000,0x00000000d6c00000,0x00000000d6d80000)
 ParOldGen       total 72192K, used 71953K [0x0000000080000000, 0x0000000084680000, 0x00000000d5580000)
  object space 72192K, 99% used [0x0000000080000000,0x0000000084644748,0x0000000084680000)
 Metaspace       used 62557K, committed 63936K, reserved 1114112K
  class space    used 6737K, committed 7360K, reserved 1048576K
}
Event: 42.703 GC heap before
{Heap before GC invocations=61 (full 3):
 PSYoungGen      total 23040K, used 22340K [0x00000000d5580000, 0x00000000d6d80000, 0x0000000100000000)
  eden space 20992K, 100% used [0x00000000d5580000,0x00000000d6a00000,0x00000000d6a00000)
  from space 2048K, 65% used [0x00000000d6a00000,0x00000000d6b512f8,0x00000000d6c00000)
  to   space 1536K, 0% used [0x00000000d6c00000,0x00000000d6c00000,0x00000000d6d80000)
 ParOldGen       total 72192K, used 71953K [0x0000000080000000, 0x0000000084680000, 0x00000000d5580000)
  object space 72192K, 99% used [0x0000000080000000,0x0000000084644748,0x0000000084680000)
 Metaspace       used 62568K, committed 63936K, reserved 1114112K
  class space    used 6737K, committed 7360K, reserved 1048576K
}
Event: 42.708 GC heap after
{Heap after GC invocations=61 (full 3):
 PSYoungGen      total 22528K, used 1026K [0x00000000d5580000, 0x00000000d6d80000, 0x0000000100000000)
  eden space 20992K, 0% used [0x00000000d5580000,0x00000000d5580000,0x00000000d6a00000)
  from space 1536K, 66% used [0x00000000d6c00000,0x00000000d6d00948,0x00000000d6d80000)
  to   space 1536K, 0% used [0x00000000d6a80000,0x00000000d6a80000,0x00000000d6c00000)
 ParOldGen       total 73216K, used 73100K [0x0000000080000000, 0x0000000084780000, 0x00000000d5580000)
  object space 73216K, 99% used [0x0000000080000000,0x00000000847631a0,0x0000000084780000)
 Metaspace       used 62568K, committed 63936K, reserved 1114112K
  class space    used 6737K, committed 7360K, reserved 1048576K
}
Event: 42.830 GC heap before
{Heap before GC invocations=62 (full 3):
 PSYoungGen      total 22528K, used 22018K [0x00000000d5580000, 0x00000000d6d80000, 0x0000000100000000)
  eden space 20992K, 100% used [0x00000000d5580000,0x00000000d6a00000,0x00000000d6a00000)
  from space 1536K, 66% used [0x00000000d6c00000,0x00000000d6d00948,0x00000000d6d80000)
  to   space 1536K, 0% used [0x00000000d6a80000,0x00000000d6a80000,0x00000000d6c00000)
 ParOldGen       total 73216K, used 73100K [0x0000000080000000, 0x0000000084780000, 0x00000000d5580000)
  object space 73216K, 99% used [0x0000000080000000,0x00000000847631a0,0x0000000084780000)
 Metaspace       used 62569K, committed 63936K, reserved 1114112K
  class space    used 6737K, committed 7360K, reserved 1048576K
}
Event: 42.833 GC heap after
{Heap after GC invocations=62 (full 3):
 PSYoungGen      total 22528K, used 1461K [0x00000000d5580000, 0x00000000d6e00000, 0x0000000100000000)
  eden space 20992K, 0% used [0x00000000d5580000,0x00000000d5580000,0x00000000d6a00000)
  from space 1536K, 95% used [0x00000000d6a80000,0x00000000d6bed7e0,0x00000000d6c00000)
  to   space 2048K, 0% used [0x00000000d6c00000,0x00000000d6c00000,0x00000000d6e00000)
 ParOldGen       total 74240K, used 73885K [0x0000000080000000, 0x0000000084880000, 0x00000000d5580000)
  object space 74240K, 99% used [0x0000000080000000,0x0000000084827440,0x0000000084880000)
 Metaspace       used 62569K, committed 63936K, reserved 1114112K
  class space    used 6737K, committed 7360K, reserved 1048576K
}
Event: 43.124 GC heap before
{Heap before GC invocations=63 (full 3):
 PSYoungGen      total 22528K, used 22453K [0x00000000d5580000, 0x00000000d6e00000, 0x0000000100000000)
  eden space 20992K, 100% used [0x00000000d5580000,0x00000000d6a00000,0x00000000d6a00000)
  from space 1536K, 95% used [0x00000000d6a80000,0x00000000d6bed7e0,0x00000000d6c00000)
  to   space 2048K, 0% used [0x00000000d6c00000,0x00000000d6c00000,0x00000000d6e00000)
 ParOldGen       total 74240K, used 73885K [0x0000000080000000, 0x0000000084880000, 0x00000000d5580000)
  object space 74240K, 99% used [0x0000000080000000,0x0000000084827440,0x0000000084880000)
 Metaspace       used 62575K, committed 64000K, reserved 1114112K
  class space    used 6737K, committed 7360K, reserved 1048576K
}
Event: 43.132 GC heap after
{Heap after GC invocations=63 (full 3):
 PSYoungGen      total 23040K, used 1756K [0x00000000d5580000, 0x00000000d6e00000, 0x0000000100000000)
  eden space 20992K, 0% used [0x00000000d5580000,0x00000000d5580000,0x00000000d6a00000)
  from space 2048K, 85% used [0x00000000d6c00000,0x00000000d6db7130,0x00000000d6e00000)
  to   space 2048K, 0% used [0x00000000d6a00000,0x00000000d6a00000,0x00000000d6c00000)
 ParOldGen       total 76288K, used 75869K [0x0000000080000000, 0x0000000084a80000, 0x00000000d5580000)
  object space 76288K, 99% used [0x0000000080000000,0x0000000084a17600,0x0000000084a80000)
 Metaspace       used 62575K, committed 64000K, reserved 1114112K
  class space    used 6737K, committed 7360K, reserved 1048576K
}
Event: 43.491 GC heap before
{Heap before GC invocations=64 (full 3):
 PSYoungGen      total 23040K, used 22748K [0x00000000d5580000, 0x00000000d6e00000, 0x0000000100000000)
  eden space 20992K, 100% used [0x00000000d5580000,0x00000000d6a00000,0x00000000d6a00000)
  from space 2048K, 85% used [0x00000000d6c00000,0x00000000d6db7130,0x00000000d6e00000)
  to   space 2048K, 0% used [0x00000000d6a00000,0x00000000d6a00000,0x00000000d6c00000)
 ParOldGen       total 76288K, used 75869K [0x0000000080000000, 0x0000000084a80000, 0x00000000d5580000)
  object space 76288K, 99% used [0x0000000080000000,0x0000000084a17600,0x0000000084a80000)
 Metaspace       used 62854K, committed 64384K, reserved 1114112K
  class space    used 6758K, committed 7424K, reserved 1048576K
}

