# JRE version: OpenJDK Runtime Environment Temurin-21.0.11+10 (21.0.11+10) (build 21.0.11+10-LTS)
# Java VM: OpenJDK 64-Bit Server VM Temurin-21.0.11+10 (21.0.11+10-LTS, mixed mode, sharing, tiered, compressed oops, compressed class ptrs, parallel gc, windows-amd64)
GC Precious Log:
 CardTable entry size: 512
 CPUs: 16 total, 16 available
 Memory: 7501M
 Large Page Support: Disabled
 NUMA Support: Disabled
 Compressed Oops: Enabled (32-bit)
 Alignments: Space 512K, Generation 512K, Heap 2M
 Heap Min Capacity: 100M
 Heap Initial Capacity: 100M
 Heap Max Capacity: 2G
 Pre-touch: Disabled
 Parallel Workers: 13
Heap:
 PSYoungGen      total 15360K, used 2448K [0x00000000d5580000, 0x00000000d6980000, 0x0000000100000000)
  eden space 13824K, 10% used [0x00000000d5580000,0x00000000d56ec1d8,0x00000000d6300000)
  from space 1536K, 64% used [0x00000000d6300000,0x00000000d63f8000,0x00000000d6480000)
  to   space 1536K, 0% used [0x00000000d6800000,0x00000000d6800000,0x00000000d6980000)
 ParOldGen       total 73216K, used 72803K [0x0000000080000000, 0x0000000084780000, 0x00000000d5580000)
  object space 73216K, 99% used [0x0000000080000000,0x0000000084718ec0,0x0000000084780000)
 Metaspace       used 58100K, committed 59392K, reserved 1114112K
  class space    used 6277K, committed 6848K, reserved 1048576K
GC Heap History (20 events):
Event: 15.506 GC heap after
{Heap after GC invocations=37 (full 2):
 PSYoungGen      total 15872K, used 1024K [0x00000000d5580000, 0x00000000d6800000, 0x0000000100000000)
  eden space 14848K, 0% used [0x00000000d5580000,0x00000000d5580000,0x00000000d6400000)
  from space 1024K, 100% used [0x00000000d6500000,0x00000000d6600000,0x00000000d6600000)
  to   space 1536K, 0% used [0x00000000d6680000,0x00000000d6680000,0x00000000d6800000)
 ParOldGen       total 68608K, used 61876K [0x0000000080000000, 0x0000000084300000, 0x00000000d5580000)
  object space 68608K, 90% used [0x0000000080000000,0x0000000083c6d378,0x0000000084300000)
 Metaspace       used 53417K, committed 54592K, reserved 1114112K
  class space    used 5819K, committed 6336K, reserved 1048576K
}
Event: 15.992 GC heap before
{Heap before GC invocations=38 (full 2):
 PSYoungGen      total 15872K, used 15872K [0x00000000d5580000, 0x00000000d6800000, 0x0000000100000000)
  eden space 14848K, 100% used [0x00000000d5580000,0x00000000d6400000,0x00000000d6400000)
  from space 1024K, 100% used [0x00000000d6500000,0x00000000d6600000,0x00000000d6600000)
  to   space 1536K, 0% used [0x00000000d6680000,0x00000000d6680000,0x00000000d6800000)
 ParOldGen       total 68608K, used 61876K [0x0000000080000000, 0x0000000084300000, 0x00000000d5580000)
  object space 68608K, 90% used [0x0000000080000000,0x0000000083c6d378,0x0000000084300000)
 Metaspace       used 55003K, committed 56256K, reserved 1114112K
  class space    used 6007K, committed 6592K, reserved 1048576K
}
Event: 15.997 GC heap after
{Heap after GC invocations=38 (full 2):
 PSYoungGen      total 16384K, used 1451K [0x00000000d5580000, 0x00000000d6800000, 0x0000000100000000)
  eden space 14848K, 0% used [0x00000000d5580000,0x00000000d5580000,0x00000000d6400000)
  from space 1536K, 94% used [0x00000000d6680000,0x00000000d67eaeb8,0x00000000d6800000)
  to   space 1536K, 0% used [0x00000000d6500000,0x00000000d6500000,0x00000000d6680000)
 ParOldGen       total 68608K, used 62672K [0x0000000080000000, 0x0000000084300000, 0x00000000d5580000)
  object space 68608K, 91% used [0x0000000080000000,0x0000000083d34388,0x0000000084300000)
 Metaspace       used 55003K, committed 56256K, reserved 1114112K
  class space    used 6007K, committed 6592K, reserved 1048576K
}
Event: 16.581 GC heap before
{Heap before GC invocations=39 (full 2):
 PSYoungGen      total 16384K, used 16299K [0x00000000d5580000, 0x00000000d6800000, 0x0000000100000000)
  eden space 14848K, 99% used [0x00000000d5580000,0x00000000d63ffff0,0x00000000d6400000)
  from space 1536K, 94% used [0x00000000d6680000,0x00000000d67eaeb8,0x00000000d6800000)
  to   space 1536K, 0% used [0x00000000d6500000,0x00000000d6500000,0x00000000d6680000)
 ParOldGen       total 68608K, used 62672K [0x0000000080000000, 0x0000000084300000, 0x00000000d5580000)
  object space 68608K, 91% used [0x0000000080000000,0x0000000083d34388,0x0000000084300000)
 Metaspace       used 55574K, committed 56896K, reserved 1114112K
  class space    used 6048K, committed 6656K, reserved 1048576K
}
Event: 16.585 GC heap after
{Heap after GC invocations=39 (full 2):
 PSYoungGen      total 16384K, used 1536K [0x00000000d5580000, 0x00000000d6b00000, 0x0000000100000000)
  eden space 14848K, 0% used [0x00000000d5580000,0x00000000d5580000,0x00000000d6400000)
  from space 1536K, 100% used [0x00000000d6500000,0x00000000d6680000,0x00000000d6680000)
  to   space 3584K, 0% used [0x00000000d6780000,0x00000000d6780000,0x00000000d6b00000)
 ParOldGen       total 68608K, used 64289K [0x0000000080000000, 0x0000000084300000, 0x00000000d5580000)
  object space 68608K, 93% used [0x0000000080000000,0x0000000083ec8450,0x0000000084300000)
 Metaspace       used 55574K, committed 56896K, reserved 1114112K
  class space    used 6048K, committed 6656K, reserved 1048576K
}
Event: 17.036 GC heap before
{Heap before GC invocations=40 (full 2):
 PSYoungGen      total 16384K, used 16384K [0x00000000d5580000, 0x00000000d6b00000, 0x0000000100000000)
  eden space 14848K, 100% used [0x00000000d5580000,0x00000000d6400000,0x00000000d6400000)
  from space 1536K, 100% used [0x00000000d6500000,0x00000000d6680000,0x00000000d6680000)
  to   space 3584K, 0% used [0x00000000d6780000,0x00000000d6780000,0x00000000d6b00000)
 ParOldGen       total 68608K, used 64289K [0x0000000080000000, 0x0000000084300000, 0x00000000d5580000)
  object space 68608K, 93% used [0x0000000080000000,0x0000000083ec8450,0x0000000084300000)
 Metaspace       used 55707K, committed 57024K, reserved 1114112K
  class space    used 6048K, committed 6656K, reserved 1048576K
}
Event: 17.039 GC heap after
{Heap after GC invocations=40 (full 2):
 PSYoungGen      total 16896K, used 1728K [0x00000000d5580000, 0x00000000d6980000, 0x0000000100000000)
  eden space 14848K, 0% used [0x00000000d5580000,0x00000000d5580000,0x00000000d6400000)
  from space 2048K, 84% used [0x00000000d6780000,0x00000000d6930000,0x00000000d6980000)
  to   space 2560K, 0% used [0x00000000d6480000,0x00000000d6480000,0x00000000d6700000)
 ParOldGen       total 68608K, used 65733K [0x0000000080000000, 0x0000000084300000, 0x00000000d5580000)
  object space 68608K, 95% used [0x0000000080000000,0x0000000084031460,0x0000000084300000)
 Metaspace       used 55707K, committed 57024K, reserved 1114112K
  class space    used 6048K, committed 6656K, reserved 1048576K
}
Event: 17.343 GC heap before
{Heap before GC invocations=41 (full 2):
 PSYoungGen      total 16896K, used 16575K [0x00000000d5580000, 0x00000000d6980000, 0x0000000100000000)
  eden space 14848K, 99% used [0x00000000d5580000,0x00000000d63ffff8,0x00000000d6400000)
  from space 2048K, 84% used [0x00000000d6780000,0x00000000d6930000,0x00000000d6980000)
  to   space 2560K, 0% used [0x00000000d6480000,0x00000000d6480000,0x00000000d6700000)
 ParOldGen       total 68608K, used 65733K [0x0000000080000000, 0x0000000084300000, 0x00000000d5580000)
  object space 68608K, 95% used [0x0000000080000000,0x0000000084031460,0x0000000084300000)
 Metaspace       used 55903K, committed 57216K, reserved 1114112K
  class space    used 6049K, committed 6656K, reserved 1048576K
}
Event: 17.346 GC heap after
{Heap after GC invocations=41 (full 2):
 PSYoungGen      total 16384K, used 1328K [0x00000000d5580000, 0x00000000d6800000, 0x0000000100000000)
  eden space 14848K, 0% used [0x00000000d5580000,0x00000000d5580000,0x00000000d6400000)
  from space 1536K, 86% used [0x00000000d6480000,0x00000000d65cc010,0x00000000d6600000)
  to   space 2048K, 0% used [0x00000000d6600000,0x00000000d6600000,0x00000000d6800000)
 ParOldGen       total 68608K, used 67180K [0x0000000080000000, 0x0000000084300000, 0x00000000d5580000)
  object space 68608K, 97% used [0x0000000080000000,0x000000008419b260,0x0000000084300000)
 Metaspace       used 55903K, committed 57216K, reserved 1114112K
  class space    used 6049K, committed 6656K, reserved 1048576K
}
Event: 17.591 GC heap before
{Heap before GC invocations=42 (full 2):
 PSYoungGen      total 16384K, used 16176K [0x00000000d5580000, 0x00000000d6800000, 0x0000000100000000)
  eden space 14848K, 100% used [0x00000000d5580000,0x00000000d6400000,0x00000000d6400000)
  from space 1536K, 86% used [0x00000000d6480000,0x00000000d65cc010,0x00000000d6600000)
  to   space 2048K, 0% used [0x00000000d6600000,0x00000000d6600000,0x00000000d6800000)
 ParOldGen       total 68608K, used 67180K [0x0000000080000000, 0x0000000084300000, 0x00000000d5580000)
  object space 68608K, 97% used [0x0000000080000000,0x000000008419b260,0x0000000084300000)
 Metaspace       used 56266K, committed 57472K, reserved 1114112K
  class space    used 6101K, committed 6656K, reserved 1048576K
}
Event: 17.595 GC heap after
{Heap after GC invocations=42 (full 2):
 PSYoungGen      total 16896K, used 1520K [0x00000000d5580000, 0x00000000d6800000, 0x0000000100000000)
  eden space 14848K, 0% used [0x00000000d5580000,0x00000000d5580000,0x00000000d6400000)
  from space 2048K, 74% used [0x00000000d6600000,0x00000000d677c010,0x00000000d6800000)
  to   space 2048K, 0% used [0x00000000d6400000,0x00000000d6400000,0x00000000d6600000)
 ParOldGen       total 68608K, used 68344K [0x0000000080000000, 0x0000000084300000, 0x00000000d5580000)
  object space 68608K, 99% used [0x0000000080000000,0x00000000842be270,0x0000000084300000)
 Metaspace       used 56266K, committed 57472K, reserved 1114112K
  class space    used 6101K, committed 6656K, reserved 1048576K
}
Event: 17.728 GC heap before
{Heap before GC invocations=43 (full 2):
 PSYoungGen      total 16896K, used 16368K [0x00000000d5580000, 0x00000000d6800000, 0x0000000100000000)
  eden space 14848K, 100% used [0x00000000d5580000,0x00000000d6400000,0x00000000d6400000)
  from space 2048K, 74% used [0x00000000d6600000,0x00000000d677c010,0x00000000d6800000)
  to   space 2048K, 0% used [0x00000000d6400000,0x00000000d6400000,0x00000000d6600000)
 ParOldGen       total 68608K, used 68344K [0x0000000080000000, 0x0000000084300000, 0x00000000d5580000)
  object space 68608K, 99% used [0x0000000080000000,0x00000000842be270,0x0000000084300000)
 Metaspace       used 56429K, committed 57664K, reserved 1114112K
  class space    used 6103K, committed 6656K, reserved 1048576K
}
Event: 17.732 GC heap after
{Heap after GC invocations=43 (full 2):
 PSYoungGen      total 16384K, used 1200K [0x00000000d5580000, 0x00000000d6700000, 0x0000000100000000)
  eden space 14848K, 0% used [0x00000000d5580000,0x00000000d5580000,0x00000000d6400000)
  from space 1536K, 78% used [0x00000000d6400000,0x00000000d652c010,0x00000000d6580000)
  to   space 1536K, 0% used [0x00000000d6580000,0x00000000d6580000,0x00000000d6700000)
 ParOldGen       total 69632K, used 69610K [0x0000000080000000, 0x0000000084400000, 0x00000000d5580000)
  object space 69632K, 99% used [0x0000000080000000,0x00000000843fabe0,0x0000000084400000)
 Metaspace       used 56429K, committed 57664K, reserved 1114112K
  class space    used 6103K, committed 6656K, reserved 1048576K
}
Event: 17.847 GC heap before
{Heap before GC invocations=44 (full 2):
 PSYoungGen      total 16384K, used 16048K [0x00000000d5580000, 0x00000000d6700000, 0x0000000100000000)
  eden space 14848K, 100% used [0x00000000d5580000,0x00000000d6400000,0x00000000d6400000)
  from space 1536K, 78% used [0x00000000d6400000,0x00000000d652c010,0x00000000d6580000)
  to   space 1536K, 0% used [0x00000000d6580000,0x00000000d6580000,0x00000000d6700000)
 ParOldGen       total 69632K, used 69610K [0x0000000080000000, 0x0000000084400000, 0x00000000d5580000)
  object space 69632K, 99% used [0x0000000080000000,0x00000000843fabe0,0x0000000084400000)
 Metaspace       used 56634K, committed 57920K, reserved 1114112K
  class space    used 6107K, committed 6720K, reserved 1048576K
}
Event: 17.851 GC heap after
{Heap after GC invocations=44 (full 2):
 PSYoungGen      total 15360K, used 1536K [0x00000000d5580000, 0x00000000d6900000, 0x0000000100000000)
  eden space 13824K, 0% used [0x00000000d5580000,0x00000000d5580000,0x00000000d6300000)
  from space 1536K, 100% used [0x00000000d6580000,0x00000000d6700000,0x00000000d6700000)
  to   space 2560K, 0% used [0x00000000d6300000,0x00000000d6300000,0x00000000d6580000)
 ParOldGen       total 70656K, used 70194K [0x0000000080000000, 0x0000000084500000, 0x00000000d5580000)
  object space 70656K, 99% used [0x0000000080000000,0x000000008448cbe0,0x0000000084500000)
 Metaspace       used 56634K, committed 57920K, reserved 1114112K
  class space    used 6107K, committed 6720K, reserved 1048576K
}
Event: 17.979 GC heap before
{Heap before GC invocations=45 (full 2):
 PSYoungGen      total 15360K, used 15360K [0x00000000d5580000, 0x00000000d6900000, 0x0000000100000000)
  eden space 13824K, 100% used [0x00000000d5580000,0x00000000d6300000,0x00000000d6300000)
  from space 1536K, 100% used [0x00000000d6580000,0x00000000d6700000,0x00000000d6700000)
  to   space 2560K, 0% used [0x00000000d6300000,0x00000000d6300000,0x00000000d6580000)
 ParOldGen       total 70656K, used 70194K [0x0000000080000000, 0x0000000084500000, 0x00000000d5580000)
  object space 70656K, 99% used [0x0000000080000000,0x000000008448cbe0,0x0000000084500000)
 Metaspace       used 56724K, committed 58048K, reserved 1114112K
  class space    used 6108K, committed 6720K, reserved 1048576K
}
Event: 17.982 GC heap after
{Heap after GC invocations=45 (full 2):
 PSYoungGen      total 15360K, used 1216K [0x00000000d5580000, 0x00000000d6700000, 0x0000000100000000)
  eden space 13824K, 0% used [0x00000000d5580000,0x00000000d5580000,0x00000000d6300000)
  from space 1536K, 79% used [0x00000000d6300000,0x00000000d6430000,0x00000000d6480000)
  to   space 2048K, 0% used [0x00000000d6500000,0x00000000d6500000,0x00000000d6700000)
 ParOldGen       total 71168K, used 71114K [0x0000000080000000, 0x0000000084580000, 0x00000000d5580000)
  object space 71168K, 99% used [0x0000000080000000,0x0000000084572be0,0x0000000084580000)
 Metaspace       used 56724K, committed 58048K, reserved 1114112K
  class space    used 6108K, committed 6720K, reserved 1048576K
}
Event: 18.437 GC heap before
{Heap before GC invocations=46 (full 2):
 PSYoungGen      total 15360K, used 15040K [0x00000000d5580000, 0x00000000d6700000, 0x0000000100000000)
  eden space 13824K, 100% used [0x00000000d5580000,0x00000000d6300000,0x00000000d6300000)
  from space 1536K, 79% used [0x00000000d6300000,0x00000000d6430000,0x00000000d6480000)
  to   space 2048K, 0% used [0x00000000d6500000,0x00000000d6500000,0x00000000d6700000)
 ParOldGen       total 71168K, used 71114K [0x0000000080000000, 0x0000000084580000, 0x00000000d5580000)
  object space 71168K, 99% used [0x0000000080000000,0x0000000084572be0,0x0000000084580000)
 Metaspace       used 57367K, committed 58688K, reserved 1114112K
  class space    used 6183K, committed 6784K, reserved 1048576K
}
Event: 18.440 GC heap after
{Heap after GC invocations=46 (full 2):
 PSYoungGen      total 15360K, used 1216K [0x00000000d5580000, 0x00000000d6680000, 0x0000000100000000)
  eden space 13824K, 0% used [0x00000000d5580000,0x00000000d5580000,0x00000000d6300000)
  from space 1536K, 79% used [0x00000000d6500000,0x00000000d6630010,0x00000000d6680000)
  to   space 1536K, 0% used [0x00000000d6300000,0x00000000d6300000,0x00000000d6480000)
 ParOldGen       total 72192K, used 71914K [0x0000000080000000, 0x0000000084680000, 0x00000000d5580000)
  object space 72192K, 99% used [0x0000000080000000,0x000000008463abe0,0x0000000084680000)
 Metaspace       used 57367K, committed 58688K, reserved 1114112K
  class space    used 6183K, committed 6784K, reserved 1048576K
}
Event: 18.800 GC heap before
{Heap before GC invocations=47 (full 2):
 PSYoungGen      total 15360K, used 15040K [0x00000000d5580000, 0x00000000d6680000, 0x0000000100000000)
  eden space 13824K, 100% used [0x00000000d5580000,0x00000000d6300000,0x00000000d6300000)
  from space 1536K, 79% used [0x00000000d6500000,0x00000000d6630010,0x00000000d6680000)
  to   space 1536K, 0% used [0x00000000d6300000,0x00000000d6300000,0x00000000d6480000)
 ParOldGen       total 72192K, used 71914K [0x0000000080000000, 0x0000000084680000, 0x00000000d5580000)
  object space 72192K, 99% used [0x0000000080000000,0x000000008463abe0,0x0000000084680000)
 Metaspace       used 57973K, committed 59328K, reserved 1114112K
  class space    used 6266K, committed 6848K, reserved 1048576K
}

